open_project: info: following methodology has been set in project file as active methodology by set_option active_methodology
                    `/home1/WBRN18/YashasH/apb_gpio/script/vcst_rtdb/spyglass'
                    but it does not match any of the methodologies in the project
current_methodology: info: methodology is now `/home1/WBRN18/YashasH/apb_gpio/script/vcst_rtdb/spyglass'
current_goal: info: removed current goals (sg_shell is now back to methodology scope)
                    (selected methodology is `/home1/WBRN18/YashasH/apb_gpio/script/vcst_rtdb/spyglass')
current_goal: info: loading goal `VC_GOAL0' with top `apb_top' (in progress)
current_goal: info: finished loading goal `VC_GOAL0' (ok)

INFO:    SpyGlass will run goal(s) 'VC_GOAL0'.


RULE-CHECKING IN MIXED MODE
2553823 - check.Linux4
2553207 - spyglass_main
2552965 - spyglass
2552947 - sg_shell
2552942 - sh
2552191 - perl
2551991 - spyglass
2551987 - run_sg0.sh
2551606 - svi

INFO [6]    Work Directory '/home1/WBRN18/YashasH/apb_gpio/script/vcst_rtdb/spyglass/vc_lint0/apb_top/WORK' does not exist.

INFO [75]    Creating the Work Directory '/home1/WBRN18/YashasH/apb_gpio/script/vcst_rtdb/spyglass/vc_lint0/apb_top/WORK/64' for 64bit  precompiled dump.
Checking Rule PrecompileLibCheck01 (Rule 1 of total 219) .... done (Time = 0.00s, Memory = 0.0K)
Checking Rule PrecompileLibCheck02 (Rule 2 of total 219) .... done (Time = 0.00s, Memory = 0.0K)
Checking Rule PrecompileLibCheck03 (Rule 3 of total 219) .... done (Time = 0.00s, Memory = 0.0K)
Checking Rule PrecompileLibCheck04 (Rule 4 of total 219) .... done (Time = 0.00s, Memory = 0.0K)
Checking Rule AbstractInterface (Rule 5 of total 219) .... done (Time = 0.00s, Memory = 0.0K)
Checking Rule SGDC_assume_path01 (Rule 6 of total 219) .... done (Time = 0.00s, Memory = 0.0K)
Checking Rule SGDC_sdcschema02 (Rule 7 of total 219) .... done (Time = 0.00s, Memory = 32.0K)
Checking Rule SGDC_clock05 (Rule 8 of total 219) .... done (Time = 0.00s, Memory = 0.0K)
Checking Rule SGDC_clock09 (Rule 9 of total 219) .... done (Time = 0.00s, Memory = 0.0K)
Checking Rule SGDC_force_ta05 (Rule 10 of total 219) .... done (Time = 0.00s, Memory = 0.0K)
Checking Rule SGDC_require_path03 (Rule 11 of total 219) .... done (Time = 0.00s, Memory = -32.0K)
Checking Rule SGDC_require_value03 (Rule 12 of total 219) .... done (Time = 0.00s, Memory = 32.0K)
Checking Rule SGDC_voltagedomain05 (Rule 13 of total 219) .... done (Time = 0.00s, Memory = 8.0K)
Checking Rule SGDC_voltagedomain06 (Rule 14 of total 219) .... done (Time = 0.00s, Memory = 0.0K)
Checking Rule SGDC_voltagedomain07 (Rule 15 of total 219) .... done (Time = 0.00s, Memory = 8.0K)
Checking Rule SGDC_powerdomainoutputs02 (Rule 16 of total 219) .... done (Time = 0.00s, Memory = 8.0K)
Checking Rule SGDC_supply01 (Rule 17 of total 219) .... done (Time = 0.00s, Memory = 0.0K)
Checking Rule SGDC_waive01 (Rule 18 of total 219) .... done (Time = 0.00s, Memory = 0.0K)
Checking Rule SGDC_waive02 (Rule 19 of total 219) .... done (Time = 0.00s, Memory = 0.0K)
Checking Rule SGDC_waive03 (Rule 20 of total 219) .... done (Time = 0.00s, Memory = 0.0K)
Checking Rule SGDC_waive04 (Rule 21 of total 219) .... done (Time = 0.00s, Memory = 0.0K)
Checking Rule SGDC_waive05 (Rule 22 of total 219) .... done (Time = 0.00s, Memory = 0.0K)
Checking Rule SGDC_waive06 (Rule 23 of total 219) .... done (Time = 0.00s, Memory = 0.0K)
Checking Rule SGDC_waive07 (Rule 24 of total 219) .... done (Time = 0.00s, Memory = 0.0K)
Checking Rule SGDC_waive08 (Rule 25 of total 219) .... done (Time = 0.00s, Memory = 0.0K)
Checking Rule SGDC_waive09 (Rule 26 of total 219) .... done (Time = 0.00s, Memory = 0.0K)
Checking Rule SGDC_waive10 (Rule 27 of total 219) .... done (Time = 0.00s, Memory = 0.0K)
Checking Rule SGDC_waive11 (Rule 28 of total 219) .... done (Time = 0.00s, Memory = 0.0K)
Checking Rule SGDC_waive12 (Rule 29 of total 219) .... done (Time = 0.00s, Memory = 0.0K)
Checking Rule SGDC_waive13 (Rule 30 of total 219) .... done (Time = 0.00s, Memory = 0.0K)
Checking Rule SGDC_waive21 (Rule 31 of total 219) .... done (Time = 0.00s, Memory = 0.0K)
Checking Rule SGDC_waive22 (Rule 32 of total 219) .... done (Time = 0.00s, Memory = 0.0K)
Checking Rule SGDC_waive30 (Rule 33 of total 219) .... done (Time = 0.00s, Memory = 0.0K)
Checking Rule SGDC_waive32 (Rule 34 of total 219) .... done (Time = 0.00s, Memory = 0.0K)
Checking Rule SGDC_waive33 (Rule 35 of total 219) .... done (Time = 0.00s, Memory = 0.0K)
Checking Rule SGDC_waive36 (Rule 36 of total 219) .... done (Time = 0.00s, Memory = 0.0K)
Checking Rule SGDC_waive38 (Rule 37 of total 219) .... done (Time = 0.00s, Memory = 0.0K)
Checking Rule SGDC_fifo01 (Rule 38 of total 219) .... done (Time = 0.00s, Memory = 0.0K)
Checking Rule SGDC_libgroup01 (Rule 39 of total 219) .... done (Time = 0.00s, Memory = 0.0K)
Checking Rule SGDC_libgroup02 (Rule 40 of total 219) .... done (Time = 0.00s, Memory = 0.0K)
Checking Rule SGDC_libgroup04 (Rule 41 of total 219) .... done (Time = 0.00s, Memory = 0.0K)
Checking Rule SGDC_power_data01 (Rule 42 of total 219) .... done (Time = 0.00s, Memory = 8.0K)
Checking Rule SGDC_ungroup01 (Rule 43 of total 219) .... done (Time = 0.00s, Memory = 0.0K)
Checking Rule SGDC_abstract_port06 (Rule 44 of total 219) .... done (Time = 0.00s, Memory = 8.0K)
Checking Rule SGDC_abstract_port14 (Rule 45 of total 219) .... done (Time = 0.00s, Memory = 0.0K)
Checking Rule SGDC_abstract_port15 (Rule 46 of total 219) .... done (Time = 0.00s, Memory = 0.0K)
Checking Rule SGDC_abstract_port18 (Rule 47 of total 219) .... done (Time = 0.00s, Memory = 0.0K)
Checking Rule sdc_init_rule (Rule 48 of total 219) .... done (Time = 0.00s, Memory = 48.0K)
Checking Rule CMD_ignorelibs01 (Rule 49 of total 219) .... done (Time = 0.00s, Memory = 0.0K)
Checking Rule ReportRuleNotRun (Rule 50 of total 219) .... done (Time = 0.01s, Memory = 0.0K)
Checking Rule W442a (Rule 51 of total 219) .... done (Time = 0.00s, Memory = 0.0K)
Checking Rule W442b (Rule 52 of total 219) .... done (Time = 0.00s, Memory = 0.0K)
Checking Rule W442c (Rule 53 of total 219) .... done (Time = 0.00s, Memory = 0.0K)
Checking Rule W442f (Rule 54 of total 219) .... done (Time = 0.00s, Memory = 0.0K)
Checking Rule mixedsenselist (Rule 55 of total 219) .... done (Time = 0.00s, Memory = 0.0K)
Checking Rule badimplicitSM1 (Rule 56 of total 219) .... done (Time = 0.00s, Memory = 0.0K)
Checking Rule badimplicitSM2 (Rule 57 of total 219) .... done (Time = 0.00s, Memory = 0.0K)
Checking Rule badimplicitSM4 (Rule 58 of total 219) .... done (Time = 0.00s, Memory = 0.0K)
Checking Rule bothedges (Rule 59 of total 219) .... done (Time = 0.00s, Memory = 0.0K)
Checking Rule W421 (Rule 60 of total 219) .... done (Time = 0.00s, Memory = 0.0K)
Checking Rule PragmaComments-ML (Rule 61 of total 219) .... done (Time = 0.00s, Memory = 0.0K)
Checking Rule STARC05-2.3.1.2c (Rule 62 of total 219) .... done (Time = 0.00s, Memory = 0.0K)
Checking Rule STARC05-2.1.6.5 (Rule 63 of total 219) .... done (Time = 0.00s, Memory = 0.0K)
Checking Rule ReportStopSummary (Rule 64 of total 219) .... done (Time = 0.00s, Memory = 0.0K)
Checking Rule ReportIgnoreSummary (Rule 65 of total 219) .... done (Time = 0.00s, Memory = 0.0K)

 Analysis started using vcs ...
Checking Rule VCSRunSummary (Rule 66 of total 219) .... done (Time = 0.00s, Memory = 0.0K)
Loading hierarchy for module 'apb_top' ... done
 Elaborating Top Verilog Design Unit 'apb_top' ..... done
Checking Rule ElabSummary (Rule 67 of total 219) .... done (Time = 0.00s, Memory = 0.0K)
Checking Rule DumpDesignFilesForVCS (Rule 68 of total 219) .... done (Time = 0.00s, Memory = 0.0K)
Checking Rule ReportCheckDataSummary (Rule 69 of total 219) .... done (Time = 0.00s, Memory = 0.0K)
 Reading waiver file "/home1/WBRN18/YashasH/apb_gpio/script/vcst_rtdb/spyglass/vc_lint0/apb_top/VC_GOAL0/spyglass_spysch/constraint/spg_autogenerated_waivers.sgdc" ...
 Generating SGDC file "/home1/WBRN18/YashasH/apb_gpio/script/vcst_rtdb/spyglass/vc_lint0/apb_top/VC_GOAL0/spyglass_spysch/constraint/pragma2Constraint.sgdc" from pragmas in HDL source files ....
 Generating WAIVER file "/home1/WBRN18/YashasH/apb_gpio/script/vcst_rtdb/spyglass/vc_lint0/apb_top/VC_GOAL0/spyglass_spysch/waiver/pragma2Waiver.swl" from pragmas in HDL source files ....
Checking Rule SGDC_waive37 (Rule 70 of total 219) .... done (Time = 0.00s, Memory = 0.0K)
Checking Rule DetectTopDesignUnits (Rule 71 of total 219)
 Detected 1 top level design units:
     apb_top
 .... done (Time = 0.00s, Memory = 0.0K)
Performing semantic checks on SGDC contents
Checking Rule SGDC_testmode03 (Rule 72 of total 219) .... done (Time = 0.00s, Memory = 0.0K)
Checking Rule ReportObsoletePragmas (Rule 73 of total 219) .... done (Time = 0.00s, Memory = 0.0K)
Checking Rule GenerateConfMap (Rule 74 of total 219) .... done (Time = 0.00s, Memory = -32.0K)
Checking Rule HdlLibDuCheck (Rule 75 of total 219) .... done (Time = 0.00s, Memory = 0.0K)
Checking Rule RtlDesignInfo (Rule 76 of total 219) .... done (Time = 0.00s, Memory = 0.0K)
Checking Rule W339a (Rule 77 of total 219) .... done (Time = 0.00s, Memory = 0.0K)
Checking Rule W416 (Rule 78 of total 219) .... done (Time = 0.00s, Memory = 0.0K)
Checking Rule mixedsenselist (Rule 79 of total 219) .... done (Time = 0.00s, Memory = 0.0K)
Checking Rule W110a (Rule 80 of total 219) .... done (Time = 0.00s, Memory = 0.0K)
Checking Rule preReq_vhdlPragmaComment (Rule 81 of total 219) .... done (Time = 0.00s, Memory = 0.0K)
Checking Rule CheckCelldefine (Rule 82 of total 219) .... done (Time = 0.00s, Memory = 0.0K)
Checking Rule SGDC_waive23 (Rule 83 of total 219) .... done (Time = 0.00s, Memory = 0.0K)
Checking Rule SGDC_waive26 (Rule 84 of total 219) .... done (Time = 0.00s, Memory = 0.0K)
Checking Rule SGDC_waive27 (Rule 85 of total 219) .... done (Time = 0.00s, Memory = 0.0K)
Checking Rule SGDC_waive29 (Rule 86 of total 219) .... done (Time = 0.00s, Memory = 0.0K)
Checking Rule W317 (Rule 87 of total 219) .... done (Time = 0.00s, Memory = 0.0K)
Checking Rule W422 (Rule 88 of total 219) .... done (Time = 0.00s, Memory = 0.0K)
Checking Rule W426 (Rule 89 of total 219) .... done (Time = 0.00s, Memory = 0.0K)
Checking Rule W480 (Rule 90 of total 219) .... done (Time = 0.00s, Memory = 0.0K)
Checking Rule W481a (Rule 91 of total 219) .... done (Time = 0.00s, Memory = 0.0K)
Checking Rule W481b (Rule 92 of total 219) .... done (Time = 0.00s, Memory = 0.0K)
Checking Rule W422 (Rule 93 of total 219) .... done (Time = 0.00s, Memory = 0.0K)
Checking Rule W292 (Rule 94 of total 219) .... done (Time = 0.00s, Memory = 0.0K)
Checking Rule W71 (Rule 95 of total 219) .... done (Time = 0.00s, Memory = 0.0K)
Checking Rule W287b (Rule 96 of total 219) .... done (Time = 0.00s, Memory = 0.0K)
Checking Rule W293 (Rule 97 of total 219) .... done (Time = 0.00s, Memory = 0.0K)
Checking Rule W398 (Rule 98 of total 219) .... done (Time = 0.00s, Memory = 0.0K)
Checking Rule W421 (Rule 99 of total 219) .... done (Time = 0.00s, Memory = 0.0K)
Checking Rule W424 (Rule 100 of total 219) .... done (Time = 0.00s, Memory = 0.0K)
Checking Rule W467 (Rule 101 of total 219) .... done (Time = 0.00s, Memory = 0.0K)
Checking Rule Prereqs_CheckTimeUnitandPrecision-ML (Rule 102 of total 219) .... done (Time = 0.00s, Memory = 0.0K)
Checking Rule STARC05-2.3.1.5b (Rule 103 of total 219) .... done (Time = 0.00s, Memory = 0.0K)
Checking Rule STARC05-2.3.3.1 (Rule 104 of total 219) .... done (Time = 0.00s, Memory = 0.0K)
Checking Rule STARC05-2.3.3.1 (Rule 105 of total 219) .... done (Time = 0.00s, Memory = 0.0K)
Checking Rule STARC05-2.11.3.1 (Rule 106 of total 219) .... done (Time = 0.00s, Memory = 0.0K)
Checking ELABDU Rules for designUnit apb_top
    Checking Rule W110 (Rule 107 of total 219) .... done (Time = 0.00s, Memory = 8.0K)
    Checking Rule W122 (Rule 108 of total 219) .... done (Time = 0.00s, Memory = 0.0K)
    Checking Rule W496a (Rule 109 of total 219) .... done (Time = 0.00s, Memory = 0.0K)
    Checking Rule W496b (Rule 110 of total 219) .... done (Time = 0.00s, Memory = 0.0K)
    Checking Rule W19 (Rule 111 of total 219) .... done (Time = 0.00s, Memory = 8.0K)
    Checking Rule W66 (Rule 112 of total 219) .... done (Time = 0.00s, Memory = 0.0K)
    Checking Rule W116 (Rule 113 of total 219) .... done (Time = 0.00s, Memory = 0.0K)
    Checking Rule W123 (Rule 114 of total 219) .... done (Time = 0.00s, Memory = 24.0K)
    Checking Rule W156 (Rule 115 of total 219) .... done (Time = 0.00s, Memory = 0.0K)
    Checking Rule W215 (Rule 116 of total 219) .... done (Time = 0.00s, Memory = 0.0K)
    Checking Rule W216 (Rule 117 of total 219) .... done (Time = 0.00s, Memory = 0.0K)
    Checking Rule W218 (Rule 118 of total 219) .... done (Time = 0.00s, Memory = 0.0K)
    Checking Rule W224 (Rule 119 of total 219) .... done (Time = 0.00s, Memory = 0.0K)
    Checking Rule W263 (Rule 120 of total 219) .... done (Time = 0.00s, Memory = 0.0K)
    Checking Rule W289 (Rule 121 of total 219) .... done (Time = 0.00s, Memory = 0.0K)
    Checking Rule W337 (Rule 122 of total 219) .... done (Time = 0.00s, Memory = 0.0K)
    Checking Rule W416 (Rule 123 of total 219) .... done (Time = 0.00s, Memory = 0.0K)
    Checking Rule W352 (Rule 124 of total 219) .... done (Time = 0.00s, Memory = 0.0K)
    Checking Rule W362 (Rule 125 of total 219) .... done (Time = 0.00s, Memory = 0.0K)
    Checking Rule W415a (Rule 126 of total 219) .... done (Time = 0.00s, Memory = 0.0K)
    Checking Rule W486 (Rule 127 of total 219) .... done (Time = 0.00s, Memory = 0.0K)
    Checking Rule W499 (Rule 128 of total 219) .... done (Time = 0.00s, Memory = 0.0K)
    Checking Rule W502 (Rule 129 of total 219) .... done (Time = 0.00s, Memory = 8.0K)
    Checking Rule W116 (Rule 130 of total 219) .... done (Time = 0.00s, Memory = 0.0K)
    Checking Rule W122 (Rule 131 of total 219) .... done (Time = 0.00s, Memory = 0.0K)
    Checking Rule W123 (Rule 132 of total 219) .... done (Time = 0.00s, Memory = 0.0K)
    Checking Rule W156 (Rule 133 of total 219) .... done (Time = 0.00s, Memory = 0.0K)
    Checking Rule W71 (Rule 134 of total 219) .... done (Time = 0.00s, Memory = 0.0K)
    Checking Rule W240 (Rule 135 of total 219) .... done (Time = 0.00s, Memory = 0.0K)
    Checking Rule W240 (Rule 136 of total 219) .... done (Time = 0.00s, Memory = 0.0K)
    Checking Rule W287a (Rule 137 of total 219) .... done (Time = 0.00s, Memory = 0.0K)
    Checking Rule W293 (Rule 138 of total 219) .... done (Time = 0.00s, Memory = 0.0K)
    Checking Rule W398 (Rule 139 of total 219) .... done (Time = 0.00s, Memory = 0.0K)
    Checking Rule W424 (Rule 140 of total 219) .... done (Time = 0.00s, Memory = 0.0K)
    Checking Rule W467 (Rule 141 of total 219) .... done (Time = 0.00s, Memory = 0.0K)
    Checking Rule W505 (Rule 142 of total 219) .... done (Time = 0.00s, Memory = 0.0K)
    Checking Rule W505 (Rule 143 of total 219) .... done (Time = 0.00s, Memory = 0.0K)
    Checking Rule W528 (Rule 144 of total 219) .... done (Time = 0.00s, Memory = 0.0K)
    Checking Rule W528 (Rule 145 of total 219) .... done (Time = 0.00s, Memory = 544.0K)
    Checking Rule Prereqs_Usage (Rule 146 of total 219) .... done (Time = 0.00s, Memory = -16.0K)
    Checking Rule Prereqs_ConstantInput-ML (Rule 147 of total 219) .... done (Time = 0.00s, Memory = 0.0K)
    Checking Rule Prereqs_ReportPortInfo-ML (Rule 148 of total 219) .... done (Time = 0.00s, Memory = 0.0K)
    Checking Rule Prereqs_ReportPortInfo-ML (Rule 149 of total 219) .... done (Time = 0.00s, Memory = 0.0K)
    Checking Rule NoAssignX-ML (Rule 150 of total 219) .... done (Time = 0.00s, Memory = 0.0K)
    Checking Rule ParamWidthMismatch-ML (Rule 151 of total 219) .... done (Time = 0.00s, Memory = 0.0K)
    Checking Rule Postreqs_Usage_ML (Rule 152 of total 219) .... done (Time = 0.00s, Memory = 0.0K)
    Checking Rule NoXInCase-ML (Rule 153 of total 219) .... done (Time = 0.00s, Memory = 0.0K)
    Checking Rule sim_race02 (Rule 154 of total 219) .... done (Time = 0.00s, Memory = 0.0K)
    Checking Rule STARC05-2.1.3.1 (Rule 155 of total 219) .... done (Time = 0.00s, Memory = 0.0K)
    Checking Rule STARC05-2.10.1.4a (Rule 156 of total 219) .... done (Time = 0.00s, Memory = 0.0K)
    Checking Rule STARC05-2.10.1.4b (Rule 157 of total 219) .... done (Time = 0.00s, Memory = 0.0K)
    Checking Rule STARC05-2.1.4.5 (Rule 158 of total 219) .... done (Time = 0.00s, Memory = 0.0K)
    Checking Rule STARC05-2.1.5.3 (Rule 159 of total 219) .... done (Time = 0.00s, Memory = 0.0K)
    Checking Rule STARC05-2.2.3.3 (Rule 160 of total 219) .... done (Time = 0.00s, Memory = 0.0K)
    Checking Rule STARC05-2.3.1.6 (Rule 161 of total 219) .... done (Time = 0.00s, Memory = 0.0K)
    Checking Rule STARC05-2.10.2.3 (Rule 162 of total 219) .... done (Time = 0.00s, Memory = 0.0K)
    Checking Rule STARC05-2.10.3.2a (Rule 163 of total 219) .... done (Time = 0.00s, Memory = 0.0K)
    Checking Rule STARC05-2.11.3.1 (Rule 164 of total 219) .... done (Time = 0.00s, Memory = 0.0K)
Checking ELABDU Rules for designUnit apb_if
    Checking Rule W110 (Rule 107 of total 219) .... done (Time = 0.00s, Memory = 0.0K)
    Checking Rule W122 (Rule 108 of total 219) .... done (Time = 0.00s, Memory = 0.0K)
    Checking Rule W496a (Rule 109 of total 219) .... done (Time = 0.00s, Memory = 0.0K)
    Checking Rule W496b (Rule 110 of total 219) .... done (Time = 0.00s, Memory = 0.0K)
    Checking Rule W19 (Rule 111 of total 219) .... done (Time = 0.00s, Memory = 0.0K)
    Checking Rule W66 (Rule 112 of total 219) .... done (Time = 0.00s, Memory = 0.0K)
    Checking Rule W116 (Rule 113 of total 219) .... done (Time = 0.00s, Memory = 0.0K)
    Checking Rule W123 (Rule 114 of total 219) .... done (Time = 0.00s, Memory = 16.0K)
    Checking Rule W156 (Rule 115 of total 219) .... done (Time = 0.00s, Memory = 0.0K)
    Checking Rule W215 (Rule 116 of total 219) .... done (Time = 0.00s, Memory = 0.0K)
    Checking Rule W216 (Rule 117 of total 219) .... done (Time = 0.00s, Memory = 0.0K)
    Checking Rule W218 (Rule 118 of total 219) .... done (Time = 0.00s, Memory = 0.0K)
    Checking Rule W224 (Rule 119 of total 219) .... done (Time = 0.00s, Memory = 0.0K)
    Checking Rule W263 (Rule 120 of total 219) .... done (Time = 0.00s, Memory = 0.0K)
    Checking Rule W289 (Rule 121 of total 219) .... done (Time = 0.00s, Memory = 0.0K)
    Checking Rule W337 (Rule 122 of total 219) .... done (Time = 0.00s, Memory = 0.0K)
    Checking Rule W416 (Rule 123 of total 219) .... done (Time = 0.00s, Memory = 0.0K)
    Checking Rule W352 (Rule 124 of total 219) .... done (Time = 0.00s, Memory = 0.0K)
    Checking Rule W362 (Rule 125 of total 219) .... done (Time = 0.00s, Memory = 0.0K)
    Checking Rule W415a (Rule 126 of total 219) .... done (Time = 0.00s, Memory = 0.0K)
    Checking Rule W486 (Rule 127 of total 219) .... done (Time = 0.00s, Memory = 0.0K)
    Checking Rule W499 (Rule 128 of total 219) .... done (Time = 0.00s, Memory = 0.0K)
    Checking Rule W502 (Rule 129 of total 219) .... done (Time = 0.00s, Memory = 0.0K)
    Checking Rule W116 (Rule 130 of total 219) .... done (Time = 0.00s, Memory = 0.0K)
    Checking Rule W122 (Rule 131 of total 219) .... done (Time = 0.00s, Memory = 0.0K)
    Checking Rule W123 (Rule 132 of total 219) .... done (Time = 0.00s, Memory = 0.0K)
    Checking Rule W156 (Rule 133 of total 219) .... done (Time = 0.00s, Memory = 0.0K)
    Checking Rule W71 (Rule 134 of total 219) .... done (Time = 0.00s, Memory = 0.0K)
    Checking Rule W240 (Rule 135 of total 219) .... done (Time = 0.00s, Memory = 0.0K)
    Checking Rule W240 (Rule 136 of total 219) .... done (Time = 0.00s, Memory = 0.0K)
    Checking Rule W287a (Rule 137 of total 219) .... done (Time = 0.00s, Memory = 0.0K)
    Checking Rule W293 (Rule 138 of total 219) .... done (Time = 0.00s, Memory = 0.0K)
    Checking Rule W398 (Rule 139 of total 219) .... done (Time = 0.00s, Memory = 0.0K)
    Checking Rule W424 (Rule 140 of total 219) .... done (Time = 0.00s, Memory = 0.0K)
    Checking Rule W467 (Rule 141 of total 219) .... done (Time = 0.00s, Memory = 0.0K)
    Checking Rule W505 (Rule 142 of total 219) .... done (Time = 0.00s, Memory = 0.0K)
    Checking Rule W505 (Rule 143 of total 219) .... done (Time = 0.00s, Memory = 0.0K)
    Checking Rule W528 (Rule 144 of total 219) .... done (Time = 0.00s, Memory = 0.0K)
    Checking Rule W528 (Rule 145 of total 219) .... done (Time = 0.00s, Memory = 544.0K)
    Checking Rule Prereqs_Usage (Rule 146 of total 219) .... done (Time = 0.00s, Memory = -16.0K)
    Checking Rule Prereqs_ConstantInput-ML (Rule 147 of total 219) .... done (Time = 0.00s, Memory = 0.0K)
    Checking Rule Prereqs_ReportPortInfo-ML (Rule 148 of total 219) .... done (Time = 0.00s, Memory = 0.0K)
    Checking Rule Prereqs_ReportPortInfo-ML (Rule 149 of total 219) .... done (Time = 0.00s, Memory = 0.0K)
    Checking Rule NoAssignX-ML (Rule 150 of total 219) .... done (Time = 0.00s, Memory = 0.0K)
    Checking Rule ParamWidthMismatch-ML (Rule 151 of total 219) .... done (Time = 0.00s, Memory = 0.0K)
    Checking Rule Postreqs_Usage_ML (Rule 152 of total 219) .... done (Time = 0.00s, Memory = 0.0K)
    Checking Rule NoXInCase-ML (Rule 153 of total 219) .... done (Time = 0.00s, Memory = 0.0K)
    Checking Rule sim_race02 (Rule 154 of total 219) .... done (Time = 0.00s, Memory = 0.0K)
    Checking Rule STARC05-2.1.3.1 (Rule 155 of total 219) .... done (Time = 0.00s, Memory = 0.0K)
    Checking Rule STARC05-2.10.1.4a (Rule 156 of total 219) .... done (Time = 0.00s, Memory = 0.0K)
    Checking Rule STARC05-2.10.1.4b (Rule 157 of total 219) .... done (Time = 0.00s, Memory = 0.0K)
    Checking Rule STARC05-2.1.4.5 (Rule 158 of total 219) .... done (Time = 0.00s, Memory = 0.0K)
    Checking Rule STARC05-2.1.5.3 (Rule 159 of total 219) .... done (Time = 0.00s, Memory = 0.0K)
    Checking Rule STARC05-2.2.3.3 (Rule 160 of total 219) .... done (Time = 0.00s, Memory = 0.0K)
    Checking Rule STARC05-2.3.1.6 (Rule 161 of total 219) .... done (Time = 0.00s, Memory = 8.0K)
    Checking Rule STARC05-2.10.2.3 (Rule 162 of total 219) .... done (Time = 0.00s, Memory = 0.0K)
    Checking Rule STARC05-2.10.3.2a (Rule 163 of total 219) .... done (Time = 0.00s, Memory = 0.0K)
    Checking Rule STARC05-2.11.3.1 (Rule 164 of total 219) .... done (Time = 0.00s, Memory = 0.0K)
Checking ELABDU Rules for designUnit apb_fsm
    Checking Rule W110 (Rule 107 of total 219) .... done (Time = 0.00s, Memory = 0.0K)
    Checking Rule W122 (Rule 108 of total 219) .... done (Time = 0.00s, Memory = 0.0K)
    Checking Rule W496a (Rule 109 of total 219) .... done (Time = 0.00s, Memory = 0.0K)
    Checking Rule W496b (Rule 110 of total 219) .... done (Time = 0.00s, Memory = 0.0K)
    Checking Rule W19 (Rule 111 of total 219) .... done (Time = 0.00s, Memory = 0.0K)
    Checking Rule W66 (Rule 112 of total 219) .... done (Time = 0.00s, Memory = 0.0K)
    Checking Rule W116 (Rule 113 of total 219) .... done (Time = 0.00s, Memory = 0.0K)
    Checking Rule W123 (Rule 114 of total 219) .... done (Time = 0.00s, Memory = 16.0K)
    Checking Rule W156 (Rule 115 of total 219) .... done (Time = 0.00s, Memory = 0.0K)
    Checking Rule W215 (Rule 116 of total 219) .... done (Time = 0.00s, Memory = 0.0K)
    Checking Rule W216 (Rule 117 of total 219) .... done (Time = 0.00s, Memory = 0.0K)
    Checking Rule W218 (Rule 118 of total 219) .... done (Time = 0.00s, Memory = 0.0K)
    Checking Rule W224 (Rule 119 of total 219) .... done (Time = 0.00s, Memory = 0.0K)
    Checking Rule W263 (Rule 120 of total 219) .... done (Time = 0.00s, Memory = 0.0K)
    Checking Rule W289 (Rule 121 of total 219) .... done (Time = 0.00s, Memory = 0.0K)
    Checking Rule W337 (Rule 122 of total 219) .... done (Time = 0.00s, Memory = 0.0K)
    Checking Rule W416 (Rule 123 of total 219) .... done (Time = 0.00s, Memory = 0.0K)
    Checking Rule W352 (Rule 124 of total 219) .... done (Time = 0.00s, Memory = 0.0K)
    Checking Rule W362 (Rule 125 of total 219) .... done (Time = 0.00s, Memory = 0.0K)
    Checking Rule W415a (Rule 126 of total 219) .... done (Time = 0.00s, Memory = 0.0K)
    Checking Rule W486 (Rule 127 of total 219) .... done (Time = 0.00s, Memory = 0.0K)
    Checking Rule W499 (Rule 128 of total 219) .... done (Time = 0.00s, Memory = 0.0K)
    Checking Rule W502 (Rule 129 of total 219) .... done (Time = 0.00s, Memory = 0.0K)
    Checking Rule W116 (Rule 130 of total 219) .... done (Time = 0.00s, Memory = 0.0K)
    Checking Rule W122 (Rule 131 of total 219) .... done (Time = 0.00s, Memory = 0.0K)
    Checking Rule W123 (Rule 132 of total 219) .... done (Time = 0.00s, Memory = 0.0K)
    Checking Rule W156 (Rule 133 of total 219) .... done (Time = 0.00s, Memory = 0.0K)
    Checking Rule W71 (Rule 134 of total 219) .... done (Time = 0.00s, Memory = 0.0K)
    Checking Rule W240 (Rule 135 of total 219) .... done (Time = 0.00s, Memory = 0.0K)
    Checking Rule W240 (Rule 136 of total 219) .... done (Time = 0.00s, Memory = 0.0K)
    Checking Rule W287a (Rule 137 of total 219) .... done (Time = 0.00s, Memory = 0.0K)
    Checking Rule W293 (Rule 138 of total 219) .... done (Time = 0.00s, Memory = 0.0K)
    Checking Rule W398 (Rule 139 of total 219) .... done (Time = 0.00s, Memory = 0.0K)
    Checking Rule W424 (Rule 140 of total 219) .... done (Time = 0.00s, Memory = 0.0K)
    Checking Rule W467 (Rule 141 of total 219) .... done (Time = 0.00s, Memory = 0.0K)
    Checking Rule W505 (Rule 142 of total 219) .... done (Time = 0.00s, Memory = 0.0K)
    Checking Rule W505 (Rule 143 of total 219) .... done (Time = 0.00s, Memory = 0.0K)
    Checking Rule W528 (Rule 144 of total 219) .... done (Time = 0.00s, Memory = 0.0K)
    Checking Rule W528 (Rule 145 of total 219) .... done (Time = 0.00s, Memory = 544.0K)
    Checking Rule Prereqs_Usage (Rule 146 of total 219) .... done (Time = 0.00s, Memory = -16.0K)
    Checking Rule Prereqs_ConstantInput-ML (Rule 147 of total 219) .... done (Time = 0.00s, Memory = 0.0K)
    Checking Rule Prereqs_ReportPortInfo-ML (Rule 148 of total 219) .... done (Time = 0.00s, Memory = 0.0K)
    Checking Rule Prereqs_ReportPortInfo-ML (Rule 149 of total 219) .... done (Time = 0.00s, Memory = 0.0K)
    Checking Rule NoAssignX-ML (Rule 150 of total 219) .... done (Time = 0.00s, Memory = 0.0K)
    Checking Rule ParamWidthMismatch-ML (Rule 151 of total 219) .... done (Time = 0.00s, Memory = 0.0K)
    Checking Rule Postreqs_Usage_ML (Rule 152 of total 219) .... done (Time = 0.00s, Memory = 0.0K)
    Checking Rule NoXInCase-ML (Rule 153 of total 219) .... done (Time = 0.00s, Memory = 0.0K)
    Checking Rule sim_race02 (Rule 154 of total 219) .... done (Time = 0.00s, Memory = 0.0K)
    Checking Rule STARC05-2.1.3.1 (Rule 155 of total 219) .... done (Time = 0.00s, Memory = 0.0K)
    Checking Rule STARC05-2.10.1.4a (Rule 156 of total 219) .... done (Time = 0.00s, Memory = 0.0K)
    Checking Rule STARC05-2.10.1.4b (Rule 157 of total 219) .... done (Time = 0.00s, Memory = 0.0K)
    Checking Rule STARC05-2.1.4.5 (Rule 158 of total 219) .... done (Time = 0.00s, Memory = 0.0K)
    Checking Rule STARC05-2.1.5.3 (Rule 159 of total 219) .... done (Time = 0.00s, Memory = 0.0K)
    Checking Rule STARC05-2.2.3.3 (Rule 160 of total 219) .... done (Time = 0.00s, Memory = 0.0K)
    Checking Rule STARC05-2.3.1.6 (Rule 161 of total 219) .... done (Time = 0.00s, Memory = 0.0K)
    Checking Rule STARC05-2.10.2.3 (Rule 162 of total 219) .... done (Time = 0.00s, Memory = 0.0K)
    Checking Rule STARC05-2.10.3.2a (Rule 163 of total 219) .... done (Time = 0.00s, Memory = 0.0K)
    Checking Rule STARC05-2.11.3.1 (Rule 164 of total 219) .... done (Time = 0.00s, Memory = 0.0K)
Checking ELABDU Rules for designUnit register
    Checking Rule W110 (Rule 107 of total 219) .... done (Time = 0.00s, Memory = 0.0K)
    Checking Rule W122 (Rule 108 of total 219) .... done (Time = 0.00s, Memory = 0.0K)
    Checking Rule W496a (Rule 109 of total 219) .... done (Time = 0.00s, Memory = 0.0K)
    Checking Rule W496b (Rule 110 of total 219) .... done (Time = 0.00s, Memory = 0.0K)
    Checking Rule W19 (Rule 111 of total 219) .... done (Time = 0.00s, Memory = 0.0K)
    Checking Rule W66 (Rule 112 of total 219) .... done (Time = 0.00s, Memory = 0.0K)
    Checking Rule W116 (Rule 113 of total 219) .... done (Time = 0.00s, Memory = 0.0K)
    Checking Rule W123 (Rule 114 of total 219) .... done (Time = 0.00s, Memory = 16.0K)
    Checking Rule W156 (Rule 115 of total 219) .... done (Time = 0.00s, Memory = 0.0K)
    Checking Rule W215 (Rule 116 of total 219) .... done (Time = 0.00s, Memory = 0.0K)
    Checking Rule W216 (Rule 117 of total 219) .... done (Time = 0.00s, Memory = 0.0K)
    Checking Rule W218 (Rule 118 of total 219) .... done (Time = 0.00s, Memory = 0.0K)
    Checking Rule W224 (Rule 119 of total 219) .... done (Time = 0.00s, Memory = 0.0K)
    Checking Rule W263 (Rule 120 of total 219) .... done (Time = 0.00s, Memory = 0.0K)
    Checking Rule W289 (Rule 121 of total 219) .... done (Time = 0.00s, Memory = 0.0K)
    Checking Rule W337 (Rule 122 of total 219) .... done (Time = 0.00s, Memory = 0.0K)
    Checking Rule W416 (Rule 123 of total 219) .... done (Time = 0.00s, Memory = 0.0K)
    Checking Rule W352 (Rule 124 of total 219) .... done (Time = 0.00s, Memory = 0.0K)
    Checking Rule W362 (Rule 125 of total 219) .... done (Time = 0.00s, Memory = 0.0K)
    Checking Rule W415a (Rule 126 of total 219) .... done (Time = 0.00s, Memory = 0.0K)
    Checking Rule W486 (Rule 127 of total 219) .... done (Time = 0.00s, Memory = 0.0K)
    Checking Rule W499 (Rule 128 of total 219) .... done (Time = 0.00s, Memory = 0.0K)
    Checking Rule W502 (Rule 129 of total 219) .... done (Time = 0.00s, Memory = 0.0K)
    Checking Rule W116 (Rule 130 of total 219) .... done (Time = 0.00s, Memory = 0.0K)
    Checking Rule W122 (Rule 131 of total 219) .... done (Time = 0.00s, Memory = 0.0K)
    Checking Rule W123 (Rule 132 of total 219) .... done (Time = 0.00s, Memory = 0.0K)
    Checking Rule W156 (Rule 133 of total 219) .... done (Time = 0.00s, Memory = 0.0K)
    Checking Rule W71 (Rule 134 of total 219) .... done (Time = 0.00s, Memory = 0.0K)
    Checking Rule W240 (Rule 135 of total 219) .... done (Time = 0.00s, Memory = 0.0K)
    Checking Rule W240 (Rule 136 of total 219) .... done (Time = 0.00s, Memory = 0.0K)
    Checking Rule W287a (Rule 137 of total 219) .... done (Time = 0.00s, Memory = 0.0K)
    Checking Rule W293 (Rule 138 of total 219) .... done (Time = 0.00s, Memory = 0.0K)
    Checking Rule W398 (Rule 139 of total 219) .... done (Time = 0.00s, Memory = 0.0K)
    Checking Rule W424 (Rule 140 of total 219) .... done (Time = 0.00s, Memory = 0.0K)
    Checking Rule W467 (Rule 141 of total 219) .... done (Time = 0.00s, Memory = 0.0K)
    Checking Rule W505 (Rule 142 of total 219) .... done (Time = 0.00s, Memory = 0.0K)
    Checking Rule W505 (Rule 143 of total 219) .... done (Time = 0.00s, Memory = 0.0K)
    Checking Rule W528 (Rule 144 of total 219) .... done (Time = 0.00s, Memory = 0.0K)
    Checking Rule W528 (Rule 145 of total 219) .... done (Time = 0.00s, Memory = 544.0K)
    Checking Rule Prereqs_Usage (Rule 146 of total 219) .... done (Time = 0.00s, Memory = -16.0K)
    Checking Rule Prereqs_ConstantInput-ML (Rule 147 of total 219) .... done (Time = 0.00s, Memory = 0.0K)
    Checking Rule Prereqs_ReportPortInfo-ML (Rule 148 of total 219) .... done (Time = 0.00s, Memory = 0.0K)
    Checking Rule Prereqs_ReportPortInfo-ML (Rule 149 of total 219) .... done (Time = 0.00s, Memory = 0.0K)
    Checking Rule NoAssignX-ML (Rule 150 of total 219) .... done (Time = 0.00s, Memory = 0.0K)
    Checking Rule ParamWidthMismatch-ML (Rule 151 of total 219) .... done (Time = 0.00s, Memory = 0.0K)
    Checking Rule Postreqs_Usage_ML (Rule 152 of total 219) .... done (Time = 0.00s, Memory = 0.0K)
    Checking Rule NoXInCase-ML (Rule 153 of total 219) .... done (Time = 0.00s, Memory = 0.0K)
    Checking Rule sim_race02 (Rule 154 of total 219) .... done (Time = 0.00s, Memory = 8.0K)
    Checking Rule STARC05-2.1.3.1 (Rule 155 of total 219) .... done (Time = 0.00s, Memory = 0.0K)
    Checking Rule STARC05-2.10.1.4a (Rule 156 of total 219) .... done (Time = 0.00s, Memory = 0.0K)
    Checking Rule STARC05-2.10.1.4b (Rule 157 of total 219) .... done (Time = 0.00s, Memory = 0.0K)
    Checking Rule STARC05-2.1.4.5 (Rule 158 of total 219) .... done (Time = 0.00s, Memory = 0.0K)
    Checking Rule STARC05-2.1.5.3 (Rule 159 of total 219) .... done (Time = 0.00s, Memory = 0.0K)
    Checking Rule STARC05-2.2.3.3 (Rule 160 of total 219) .... done (Time = 0.00s, Memory = 0.0K)
    Checking Rule STARC05-2.3.1.6 (Rule 161 of total 219) .... done (Time = 0.00s, Memory = 0.0K)
    Checking Rule STARC05-2.10.2.3 (Rule 162 of total 219) .... done (Time = 0.00s, Memory = 0.0K)
    Checking Rule STARC05-2.10.3.2a (Rule 163 of total 219) .... done (Time = 0.00s, Memory = 0.0K)
    Checking Rule STARC05-2.11.3.1 (Rule 164 of total 219) .... done (Time = 0.00s, Memory = 0.0K)
Checking ELABDU Rules for designUnit aux_if
    Checking Rule W110 (Rule 107 of total 219) .... done (Time = 0.00s, Memory = 0.0K)
    Checking Rule W122 (Rule 108 of total 219) .... done (Time = 0.00s, Memory = 0.0K)
    Checking Rule W496a (Rule 109 of total 219) .... done (Time = 0.00s, Memory = 0.0K)
    Checking Rule W496b (Rule 110 of total 219) .... done (Time = 0.00s, Memory = 0.0K)
    Checking Rule W19 (Rule 111 of total 219) .... done (Time = 0.00s, Memory = 0.0K)
    Checking Rule W66 (Rule 112 of total 219) .... done (Time = 0.00s, Memory = 0.0K)
    Checking Rule W116 (Rule 113 of total 219) .... done (Time = 0.00s, Memory = 0.0K)
    Checking Rule W123 (Rule 114 of total 219) .... done (Time = 0.00s, Memory = 16.0K)
    Checking Rule W156 (Rule 115 of total 219) .... done (Time = 0.00s, Memory = 0.0K)
    Checking Rule W215 (Rule 116 of total 219) .... done (Time = 0.00s, Memory = 0.0K)
    Checking Rule W216 (Rule 117 of total 219) .... done (Time = 0.00s, Memory = 0.0K)
    Checking Rule W218 (Rule 118 of total 219) .... done (Time = 0.00s, Memory = 0.0K)
    Checking Rule W224 (Rule 119 of total 219) .... done (Time = 0.00s, Memory = 0.0K)
    Checking Rule W263 (Rule 120 of total 219) .... done (Time = 0.00s, Memory = 0.0K)
    Checking Rule W289 (Rule 121 of total 219) .... done (Time = 0.00s, Memory = 0.0K)
    Checking Rule W337 (Rule 122 of total 219) .... done (Time = 0.00s, Memory = 0.0K)
    Checking Rule W416 (Rule 123 of total 219) .... done (Time = 0.00s, Memory = 0.0K)
    Checking Rule W352 (Rule 124 of total 219) .... done (Time = 0.00s, Memory = 0.0K)
    Checking Rule W362 (Rule 125 of total 219) .... done (Time = 0.00s, Memory = 0.0K)
    Checking Rule W415a (Rule 126 of total 219) .... done (Time = 0.00s, Memory = 0.0K)
    Checking Rule W486 (Rule 127 of total 219) .... done (Time = 0.00s, Memory = 0.0K)
    Checking Rule W499 (Rule 128 of total 219) .... done (Time = 0.00s, Memory = 0.0K)
    Checking Rule W502 (Rule 129 of total 219) .... done (Time = 0.00s, Memory = 0.0K)
    Checking Rule W116 (Rule 130 of total 219) .... done (Time = 0.00s, Memory = 0.0K)
    Checking Rule W122 (Rule 131 of total 219) .... done (Time = 0.00s, Memory = 0.0K)
    Checking Rule W123 (Rule 132 of total 219) .... done (Time = 0.00s, Memory = 0.0K)
    Checking Rule W156 (Rule 133 of total 219) .... done (Time = 0.00s, Memory = 0.0K)
    Checking Rule W71 (Rule 134 of total 219) .... done (Time = 0.00s, Memory = 0.0K)
    Checking Rule W240 (Rule 135 of total 219) .... done (Time = 0.00s, Memory = 0.0K)
    Checking Rule W240 (Rule 136 of total 219) .... done (Time = 0.00s, Memory = 0.0K)
    Checking Rule W287a (Rule 137 of total 219) .... done (Time = 0.00s, Memory = 0.0K)
    Checking Rule W293 (Rule 138 of total 219) .... done (Time = 0.00s, Memory = 0.0K)
    Checking Rule W398 (Rule 139 of total 219) .... done (Time = 0.00s, Memory = 0.0K)
    Checking Rule W424 (Rule 140 of total 219) .... done (Time = 0.00s, Memory = 0.0K)
    Checking Rule W467 (Rule 141 of total 219) .... done (Time = 0.00s, Memory = 0.0K)
    Checking Rule W505 (Rule 142 of total 219) .... done (Time = 0.00s, Memory = 0.0K)
    Checking Rule W505 (Rule 143 of total 219) .... done (Time = 0.00s, Memory = 0.0K)
    Checking Rule W528 (Rule 144 of total 219) .... done (Time = 0.00s, Memory = 0.0K)
    Checking Rule W528 (Rule 145 of total 219) .... done (Time = 0.00s, Memory = 544.0K)
    Checking Rule Prereqs_Usage (Rule 146 of total 219) .... done (Time = 0.00s, Memory = -16.0K)
    Checking Rule Prereqs_ConstantInput-ML (Rule 147 of total 219) .... done (Time = 0.00s, Memory = 0.0K)
    Checking Rule Prereqs_ReportPortInfo-ML (Rule 148 of total 219) .... done (Time = 0.00s, Memory = 0.0K)
    Checking Rule Prereqs_ReportPortInfo-ML (Rule 149 of total 219) .... done (Time = 0.00s, Memory = 0.0K)
    Checking Rule NoAssignX-ML (Rule 150 of total 219) .... done (Time = 0.00s, Memory = 0.0K)
    Checking Rule ParamWidthMismatch-ML (Rule 151 of total 219) .... done (Time = 0.00s, Memory = 0.0K)
    Checking Rule Postreqs_Usage_ML (Rule 152 of total 219) .... done (Time = 0.00s, Memory = 0.0K)
    Checking Rule NoXInCase-ML (Rule 153 of total 219) .... done (Time = 0.00s, Memory = 0.0K)
    Checking Rule sim_race02 (Rule 154 of total 219) .... done (Time = 0.00s, Memory = 0.0K)
    Checking Rule STARC05-2.1.3.1 (Rule 155 of total 219) .... done (Time = 0.00s, Memory = 0.0K)
    Checking Rule STARC05-2.10.1.4a (Rule 156 of total 219) .... done (Time = 0.00s, Memory = 0.0K)
    Checking Rule STARC05-2.10.1.4b (Rule 157 of total 219) .... done (Time = 0.00s, Memory = 0.0K)
    Checking Rule STARC05-2.1.4.5 (Rule 158 of total 219) .... done (Time = 0.00s, Memory = 0.0K)
    Checking Rule STARC05-2.1.5.3 (Rule 159 of total 219) .... done (Time = 0.00s, Memory = 0.0K)
    Checking Rule STARC05-2.2.3.3 (Rule 160 of total 219) .... done (Time = 0.00s, Memory = 0.0K)
    Checking Rule STARC05-2.3.1.6 (Rule 161 of total 219) .... done (Time = 0.00s, Memory = 0.0K)
    Checking Rule STARC05-2.10.2.3 (Rule 162 of total 219) .... done (Time = 0.00s, Memory = 0.0K)
    Checking Rule STARC05-2.10.3.2a (Rule 163 of total 219) .... done (Time = 0.00s, Memory = 0.0K)
    Checking Rule STARC05-2.11.3.1 (Rule 164 of total 219) .... done (Time = 0.00s, Memory = 0.0K)
Checking ELABDU Rules for designUnit aux_reg
    Checking Rule W110 (Rule 107 of total 219) .... done (Time = 0.00s, Memory = 0.0K)
    Checking Rule W122 (Rule 108 of total 219) .... done (Time = 0.00s, Memory = 0.0K)
    Checking Rule W496a (Rule 109 of total 219) .... done (Time = 0.00s, Memory = 0.0K)
    Checking Rule W496b (Rule 110 of total 219) .... done (Time = 0.00s, Memory = 0.0K)
    Checking Rule W19 (Rule 111 of total 219) .... done (Time = 0.00s, Memory = 0.0K)
    Checking Rule W66 (Rule 112 of total 219) .... done (Time = 0.00s, Memory = 0.0K)
    Checking Rule W116 (Rule 113 of total 219) .... done (Time = 0.00s, Memory = 0.0K)
    Checking Rule W123 (Rule 114 of total 219) .... done (Time = 0.00s, Memory = 16.0K)
    Checking Rule W156 (Rule 115 of total 219) .... done (Time = 0.00s, Memory = 0.0K)
    Checking Rule W215 (Rule 116 of total 219) .... done (Time = 0.00s, Memory = 0.0K)
    Checking Rule W216 (Rule 117 of total 219) .... done (Time = 0.00s, Memory = 0.0K)
    Checking Rule W218 (Rule 118 of total 219) .... done (Time = 0.00s, Memory = 0.0K)
    Checking Rule W224 (Rule 119 of total 219) .... done (Time = 0.00s, Memory = 0.0K)
    Checking Rule W263 (Rule 120 of total 219) .... done (Time = 0.00s, Memory = 0.0K)
    Checking Rule W289 (Rule 121 of total 219) .... done (Time = 0.00s, Memory = 0.0K)
    Checking Rule W337 (Rule 122 of total 219) .... done (Time = 0.00s, Memory = 0.0K)
    Checking Rule W416 (Rule 123 of total 219) .... done (Time = 0.00s, Memory = 0.0K)
    Checking Rule W352 (Rule 124 of total 219) .... done (Time = 0.00s, Memory = 0.0K)
    Checking Rule W362 (Rule 125 of total 219) .... done (Time = 0.00s, Memory = 0.0K)
    Checking Rule W415a (Rule 126 of total 219) .... done (Time = 0.00s, Memory = 0.0K)
    Checking Rule W486 (Rule 127 of total 219) .... done (Time = 0.00s, Memory = 0.0K)
    Checking Rule W499 (Rule 128 of total 219) .... done (Time = 0.00s, Memory = 0.0K)
    Checking Rule W502 (Rule 129 of total 219) .... done (Time = 0.00s, Memory = 0.0K)
    Checking Rule W116 (Rule 130 of total 219) .... done (Time = 0.00s, Memory = 0.0K)
    Checking Rule W122 (Rule 131 of total 219) .... done (Time = 0.00s, Memory = 0.0K)
    Checking Rule W123 (Rule 132 of total 219) .... done (Time = 0.00s, Memory = 0.0K)
    Checking Rule W156 (Rule 133 of total 219) .... done (Time = 0.00s, Memory = 0.0K)
    Checking Rule W71 (Rule 134 of total 219) .... done (Time = 0.00s, Memory = 0.0K)
    Checking Rule W240 (Rule 135 of total 219) .... done (Time = 0.00s, Memory = 0.0K)
    Checking Rule W240 (Rule 136 of total 219) .... done (Time = 0.00s, Memory = 0.0K)
    Checking Rule W287a (Rule 137 of total 219) .... done (Time = 0.00s, Memory = 0.0K)
    Checking Rule W293 (Rule 138 of total 219) .... done (Time = 0.00s, Memory = 0.0K)
    Checking Rule W398 (Rule 139 of total 219) .... done (Time = 0.00s, Memory = 0.0K)
    Checking Rule W424 (Rule 140 of total 219) .... done (Time = 0.00s, Memory = 0.0K)
    Checking Rule W467 (Rule 141 of total 219) .... done (Time = 0.00s, Memory = 0.0K)
    Checking Rule W505 (Rule 142 of total 219) .... done (Time = 0.00s, Memory = 0.0K)
    Checking Rule W505 (Rule 143 of total 219) .... done (Time = 0.00s, Memory = 0.0K)
    Checking Rule W528 (Rule 144 of total 219) .... done (Time = 0.00s, Memory = 0.0K)
    Checking Rule W528 (Rule 145 of total 219) .... done (Time = 0.00s, Memory = 544.0K)
    Checking Rule Prereqs_Usage (Rule 146 of total 219) .... done (Time = 0.00s, Memory = -16.0K)
    Checking Rule Prereqs_ConstantInput-ML (Rule 147 of total 219) .... done (Time = 0.00s, Memory = 0.0K)
    Checking Rule Prereqs_ReportPortInfo-ML (Rule 148 of total 219) .... done (Time = 0.00s, Memory = 0.0K)
    Checking Rule Prereqs_ReportPortInfo-ML (Rule 149 of total 219) .... done (Time = 0.00s, Memory = 0.0K)
    Checking Rule NoAssignX-ML (Rule 150 of total 219) .... done (Time = 0.00s, Memory = 0.0K)
    Checking Rule ParamWidthMismatch-ML (Rule 151 of total 219) .... done (Time = 0.00s, Memory = 0.0K)
    Checking Rule Postreqs_Usage_ML (Rule 152 of total 219) .... done (Time = 0.00s, Memory = 0.0K)
    Checking Rule NoXInCase-ML (Rule 153 of total 219) .... done (Time = 0.00s, Memory = 0.0K)
    Checking Rule sim_race02 (Rule 154 of total 219) .... done (Time = 0.00s, Memory = 0.0K)
    Checking Rule STARC05-2.1.3.1 (Rule 155 of total 219) .... done (Time = 0.00s, Memory = 0.0K)
    Checking Rule STARC05-2.10.1.4a (Rule 156 of total 219) .... done (Time = 0.00s, Memory = 0.0K)
    Checking Rule STARC05-2.10.1.4b (Rule 157 of total 219) .... done (Time = 0.00s, Memory = 0.0K)
    Checking Rule STARC05-2.1.4.5 (Rule 158 of total 219) .... done (Time = 0.00s, Memory = 0.0K)
    Checking Rule STARC05-2.1.5.3 (Rule 159 of total 219) .... done (Time = 0.00s, Memory = 0.0K)
    Checking Rule STARC05-2.2.3.3 (Rule 160 of total 219) .... done (Time = 0.00s, Memory = 0.0K)
    Checking Rule STARC05-2.3.1.6 (Rule 161 of total 219) .... done (Time = 0.00s, Memory = 0.0K)
    Checking Rule STARC05-2.10.2.3 (Rule 162 of total 219) .... done (Time = 0.00s, Memory = 0.0K)
    Checking Rule STARC05-2.10.3.2a (Rule 163 of total 219) .... done (Time = 0.00s, Memory = 0.0K)
    Checking Rule STARC05-2.11.3.1 (Rule 164 of total 219) .... done (Time = 0.00s, Memory = 0.0K)
Checking ELABDU Rules for designUnit apb_io
    Checking Rule W110 (Rule 107 of total 219) .... done (Time = 0.00s, Memory = 0.0K)
    Checking Rule W122 (Rule 108 of total 219) .... done (Time = 0.00s, Memory = 0.0K)
    Checking Rule W496a (Rule 109 of total 219) .... done (Time = 0.00s, Memory = 0.0K)
    Checking Rule W496b (Rule 110 of total 219) .... done (Time = 0.00s, Memory = 0.0K)
    Checking Rule W19 (Rule 111 of total 219) .... done (Time = 0.00s, Memory = 0.0K)
    Checking Rule W66 (Rule 112 of total 219) .... done (Time = 0.00s, Memory = 0.0K)
    Checking Rule W116 (Rule 113 of total 219) .... done (Time = 0.00s, Memory = 0.0K)
    Checking Rule W123 (Rule 114 of total 219) .... done (Time = 0.00s, Memory = 16.0K)
    Checking Rule W156 (Rule 115 of total 219) .... done (Time = 0.00s, Memory = 0.0K)
    Checking Rule W215 (Rule 116 of total 219) .... done (Time = 0.00s, Memory = 0.0K)
    Checking Rule W216 (Rule 117 of total 219) .... done (Time = 0.00s, Memory = 0.0K)
    Checking Rule W218 (Rule 118 of total 219) .... done (Time = 0.00s, Memory = 0.0K)
    Checking Rule W224 (Rule 119 of total 219) .... done (Time = 0.00s, Memory = 0.0K)
    Checking Rule W263 (Rule 120 of total 219) .... done (Time = 0.00s, Memory = 0.0K)
    Checking Rule W289 (Rule 121 of total 219) .... done (Time = 0.00s, Memory = 0.0K)
    Checking Rule W337 (Rule 122 of total 219) .... done (Time = 0.00s, Memory = 0.0K)
    Checking Rule W416 (Rule 123 of total 219) .... done (Time = 0.00s, Memory = 0.0K)
    Checking Rule W352 (Rule 124 of total 219) .... done (Time = 0.00s, Memory = 0.0K)
    Checking Rule W362 (Rule 125 of total 219) .... done (Time = 0.00s, Memory = 0.0K)
    Checking Rule W415a (Rule 126 of total 219) .... done (Time = 0.00s, Memory = 0.0K)
    Checking Rule W486 (Rule 127 of total 219) .... done (Time = 0.00s, Memory = 0.0K)
    Checking Rule W499 (Rule 128 of total 219) .... done (Time = 0.00s, Memory = 0.0K)
    Checking Rule W502 (Rule 129 of total 219) .... done (Time = 0.00s, Memory = 0.0K)
    Checking Rule W116 (Rule 130 of total 219) .... done (Time = 0.00s, Memory = 0.0K)
    Checking Rule W122 (Rule 131 of total 219) .... done (Time = 0.00s, Memory = 0.0K)
    Checking Rule W123 (Rule 132 of total 219) .... done (Time = 0.00s, Memory = 0.0K)
    Checking Rule W156 (Rule 133 of total 219) .... done (Time = 0.00s, Memory = 0.0K)
    Checking Rule W71 (Rule 134 of total 219) .... done (Time = 0.00s, Memory = 0.0K)
    Checking Rule W240 (Rule 135 of total 219) .... done (Time = 0.00s, Memory = 0.0K)
    Checking Rule W240 (Rule 136 of total 219) .... done (Time = 0.00s, Memory = 0.0K)
    Checking Rule W287a (Rule 137 of total 219) .... done (Time = 0.00s, Memory = 0.0K)
    Checking Rule W293 (Rule 138 of total 219) .... done (Time = 0.00s, Memory = 0.0K)
    Checking Rule W398 (Rule 139 of total 219) .... done (Time = 0.00s, Memory = 0.0K)
    Checking Rule W424 (Rule 140 of total 219) .... done (Time = 0.00s, Memory = 0.0K)
    Checking Rule W467 (Rule 141 of total 219) .... done (Time = 0.00s, Memory = 0.0K)
    Checking Rule W505 (Rule 142 of total 219) .... done (Time = 0.00s, Memory = 0.0K)
    Checking Rule W505 (Rule 143 of total 219) .... done (Time = 0.00s, Memory = 0.0K)
    Checking Rule W528 (Rule 144 of total 219) .... done (Time = 0.00s, Memory = 0.0K)
    Checking Rule W528 (Rule 145 of total 219) .... done (Time = 0.00s, Memory = 544.0K)
    Checking Rule Prereqs_Usage (Rule 146 of total 219) .... done (Time = 0.00s, Memory = -16.0K)
    Checking Rule Prereqs_ConstantInput-ML (Rule 147 of total 219) .... done (Time = 0.00s, Memory = 0.0K)
    Checking Rule Prereqs_ReportPortInfo-ML (Rule 148 of total 219) .... done (Time = 0.00s, Memory = 0.0K)
    Checking Rule Prereqs_ReportPortInfo-ML (Rule 149 of total 219) .... done (Time = 0.00s, Memory = 0.0K)
    Checking Rule NoAssignX-ML (Rule 150 of total 219) .... done (Time = 0.00s, Memory = 0.0K)
    Checking Rule ParamWidthMismatch-ML (Rule 151 of total 219) .... done (Time = 0.00s, Memory = 0.0K)
    Checking Rule Postreqs_Usage_ML (Rule 152 of total 219) .... done (Time = 0.00s, Memory = 0.0K)
    Checking Rule NoXInCase-ML (Rule 153 of total 219) .... done (Time = 0.00s, Memory = 0.0K)
    Checking Rule sim_race02 (Rule 154 of total 219) .... done (Time = 0.00s, Memory = 0.0K)
    Checking Rule STARC05-2.1.3.1 (Rule 155 of total 219) .... done (Time = 0.00s, Memory = 0.0K)
    Checking Rule STARC05-2.10.1.4a (Rule 156 of total 219) .... done (Time = 0.00s, Memory = 0.0K)
    Checking Rule STARC05-2.10.1.4b (Rule 157 of total 219) .... done (Time = 0.00s, Memory = 0.0K)
    Checking Rule STARC05-2.1.4.5 (Rule 158 of total 219) .... done (Time = 0.00s, Memory = 0.0K)
    Checking Rule STARC05-2.1.5.3 (Rule 159 of total 219) .... done (Time = 0.00s, Memory = 0.0K)
    Checking Rule STARC05-2.2.3.3 (Rule 160 of total 219) .... done (Time = 0.00s, Memory = -16.0K)
    Checking Rule STARC05-2.3.1.6 (Rule 161 of total 219) .... done (Time = 0.00s, Memory = 0.0K)
    Checking Rule STARC05-2.10.2.3 (Rule 162 of total 219) .... done (Time = 0.00s, Memory = 0.0K)
    Checking Rule STARC05-2.10.3.2a (Rule 163 of total 219) .... done (Time = 0.00s, Memory = 0.0K)
    Checking Rule STARC05-2.11.3.1 (Rule 164 of total 219) .... done (Time = 0.00s, Memory = 0.0K)
Checking ELABDU Rules for designUnit apb_top
Checking ELABDU Rules for designUnit apb_if
Checking ELABDU Rules for designUnit apb_fsm
Checking ELABDU Rules for designUnit register
Checking ELABDU Rules for designUnit aux_if
Checking ELABDU Rules for designUnit aux_reg
Checking ELABDU Rules for designUnit apb_io
Checking Lexical Rules for file ./../src/apb_io.sv
    Checking Rule ReportPortInfo-ML (Rule 165 of total 219) .... done (Time = 0.00s, Memory = 96.0K)
Checking Lexical Rules for file ./../src/apb_if.sv
    Checking Rule ReportPortInfo-ML (Rule 165 of total 219) .... done (Time = 0.00s, Memory = 96.0K)
Checking Lexical Rules for file ./../src/apb_top.sv
    Checking Rule ReportPortInfo-ML (Rule 165 of total 219) .... done (Time = 0.00s, Memory = 96.0K)
Checking Lexical Rules for file ./../src/register.sv
    Checking Rule ReportPortInfo-ML (Rule 165 of total 219) .... done (Time = 0.00s, Memory = 96.0K)
Checking Lexical Rules for file ./../src/aux_if.sv
    Checking Rule ReportPortInfo-ML (Rule 165 of total 219) .... done (Time = 0.00s, Memory = 96.0K)
Checking Lexical Rules for file ./../src/aux_reg.sv
    Checking Rule ReportPortInfo-ML (Rule 165 of total 219) .... done (Time = 0.00s, Memory = 96.0K)
Checking Lexical Rules for file ./../src/apb_fsm.sv
    Checking Rule ReportPortInfo-ML (Rule 165 of total 219) .... done (Time = 0.00s, Memory = 96.0K)
Checking Rule SGDC_waive24 (Rule 166 of total 219) .... done (Time = 0.00s, Memory = 0.0K)
Checking Rule SGDC_waive25 (Rule 167 of total 219) .... done (Time = 0.00s, Memory = 0.0K)
Checking Rule SGDC_waive31 (Rule 168 of total 219) .... done (Time = 0.00s, Memory = 0.0K)
Checking Rule SGDC_waive35 (Rule 169 of total 219) .... done (Time = 0.00s, Memory = 0.0K)
Checking Rule checkCMD_mthresh (Rule 170 of total 219) .... done (Time = 0.00s, Memory = 0.0K)
Checking Rule AnalyzeBBox (Rule 171 of total 219) .... done (Time = 0.00s, Memory = 0.0K)
Checking Rule ReportCheckDataSummary (Rule 69 of total 219) .... done (Time = 0.00s, Memory = 0.0K)

Generating data for Console...

SpyGlass Rule Checking Complete.

---------------------------------------------------------------------------------------------
Results Summary:
---------------------------------------------------------------------------------------------
   Goal Run           :      VC_GOAL0
   Command-line read  :      0 error,      1 warning,      0 information message 
   Design Read        :      0 error,      0 warning,      3 information messages
      Found 1 top module:
         apb_top   (file: ./../src/apb_top.sv)

   Blackbox Resolution:      0 error,      0 warning,      0 information message 
   SGDC Checks        :      0 error,      0 warning,      0 information message 
   Policy lint        :      0 error,      2 warnings,     0 information message 
   Policy starc2005   :      0 error,      2 warnings,     0 information message 
   Policy morelint    :      0 error,      0 warning,      1 information message 
   -------------------------------------------------------------------------------------
   Total              :      0 error,      5 warnings,     4 information messages

  Total Number of Generated Messages     :         9 (0 error, 5 warnings, 4 Infos)
  Number of Reported Messages            :         9 (0 error, 5 warnings, 4 Infos)

---------------------------------------------------------------------------------------------


run_goal: info: setting design top `apb_top' as current_design
SpyGlass Exit Code 0 (Rule-checking completed with warnings)
