(2025-05-10 09:14:47),0.000917184,0,start,964.867,13,LicenseMgr Init : 
(2025-05-10 09:14:48),0.0136325,0,end,971.656,14,LicenseMgr Init : 
(2025-05-10 09:14:50),0.0545352,0,start,1441.84,375,SQL_DB_Save_Main
(2025-05-10 09:14:50),0.0548198,0,end,1441.84,375,SQL_DB_Save_Main
(2025-05-10 09:14:51),0.0669052,0,start,1441.84,375,SQL_DB_Save_Main
(2025-05-10 09:14:51),0.0671891,0,end,1441.84,375,SQL_DB_Save_Main
(2025-05-10 09:14:53),0.0970945,0,start,1441.84,378,Analyze 
(2025-05-10 09:14:53),0.107176,0,end,1441.84,378,Analyze 
(2025-05-10 09:14:53),0.107177,0,start,1441.84,378,Load VCS Message: 
(2025-05-10 09:14:53),0.10718,0,end,1441.84,378,Load VCS Message: 
(2025-05-10 09:14:53),0.112092,0,start,1441.84,386,Elaborate : 
(2025-05-10 09:14:56),0.162499,0,end,1441.84,387,Elaborate : 
(2025-05-10 09:14:56),0.162501,0,start,1441.84,387,Load VCS Message: 
(2025-05-10 09:14:56),0.162764,0,end,1441.84,387,Load VCS Message: 
(2025-05-10 09:14:56),0.162765,0,start,1441.84,387,LoadCircuitModel : 
(2025-05-10 09:14:56),0.162798,0,start,1441.84,387,VsiLib_Restore : 
(2025-05-10 09:14:56),0.162799,0,end,1441.84,387,VsiLib_Restore : 
(2025-05-10 09:14:56),0.162799,0,end,1441.84,387,LoadCircuitModel : 
(2025-05-10 09:14:56),0.1628,0,start,1441.84,387,BuildNetlist : 
(2025-05-10 09:14:56),0.162831,0,start,1441.84,387,NLDM Build : 
(2025-05-10 09:14:56),0.162937,0,end,1441.84,401,NLDM Build : 
(2025-05-10 09:14:56),0.162938,1,start,1441.84,401,Cell properties : 
(2025-05-10 09:14:56),0.16294,1,end,1441.84,401,Cell properties : 
(2025-05-10 09:14:56),0.16294,0,end,1441.84,401,BuildNetlist : 
(2025-05-10 09:14:56),0.162994,0,start,1441.84,402,populate SSF data: 
(2025-05-10 09:14:56),0.162995,0,end,1441.84,402,populate SSF data: 
(2025-05-10 09:14:56),0.162995,0,start,1441.84,402,DumpGateCountStats : 
(2025-05-10 09:14:56),0.162999,0,end,1441.84,402,DumpGateCountStats : 
(2025-05-10 09:14:56),0.162999,0,start,1441.84,402,RunReductionEngine : 
(2025-05-10 09:14:56),0.163055,1,start,1441.84,411,BlockEnginePropagation : 
(2025-05-10 09:14:56),0.163064,1,end,1441.84,411,BlockEnginePropagation : 
(2025-05-10 09:14:56),0.163066,0,end,1441.84,411,RunReductionEngine : 
(2025-05-10 09:14:56),0.163067,1,start,1441.84,411,ModuleDesignPropagation : 
(2025-05-10 09:14:56),0.163067,1,end,1441.84,411,ModuleDesignPropagation : 
(2025-05-10 09:14:56),0.163081,0,start,1441.84,411,Mdm2Nschema : 
(2025-05-10 09:14:57),0.16373,0,start,1464.54,416,Infer Setup : 
(2025-05-10 09:14:57),0.163731,1,start,1464.54,416,_nameToNet Map clear : 
(2025-05-10 09:14:57),0.163731,1,end,1464.54,416,_nameToNet Map clear : 
(2025-05-10 09:14:57),0.163732,1,start,1464.54,416,ConstantPropagation : 
(2025-05-10 09:14:57),0.163732,1,start,1464.54,416,UserConstantPropagation : 
(2025-05-10 09:14:57),0.163733,1,end,1464.54,416,UserConstantPropagation : 
(2025-05-10 09:14:57),0.163734,1,start,1464.54,416,DynamicUserCasePropagation : 
(2025-05-10 09:14:57),0.163734,1,end,1464.54,416,DynamicUserCasePropagation : 
(2025-05-10 09:14:57),0.163735,1,start,1464.54,416,DesignConstantPropagation : 
(2025-05-10 09:14:57),0.163741,1,end,1464.54,416,DesignConstantPropagation : 
(2025-05-10 09:14:57),0.163742,1,start,1464.54,416,HybridSeqPropagation : 
(2025-05-10 09:14:57),0.163743,1,end,1464.54,416,HybridSeqPropagation : 
(2025-05-10 09:14:57),0.163743,1,start,1464.54,416,ReverseConstPropagationOnBiDir: 
(2025-05-10 09:14:57),0.163744,1,end,1464.54,416,ReverseConstPropagationOnBiDir: 
(2025-05-10 09:14:57),0.163745,1,end,1464.54,416,ConstantPropagation : 
(2025-05-10 09:14:57),0.163745,0,start,1464.54,416,populateInfoToView : 
(2025-05-10 09:14:57),0.163746,0,end,1464.54,416,populateInfoToView : 
(2025-05-10 09:14:57),0.16377,0,end,1464.54,416,Infer Setup : 
(2025-05-10 09:14:57),0.163777,0,start,1464.54,416,Infer Setup : 
(2025-05-10 09:14:57),0.164394,0,end,1464.54,416,Infer Setup : 
(2025-05-10 09:14:57),0.1644,0,start,1464.54,416,evaluateGenClocksForBlockedPaths: 
(2025-05-10 09:14:57),0.164401,0,end,1464.54,416,evaluateGenClocksForBlockedPaths: 
(2025-05-10 09:15:00),0.229795,0,start,1507.06,419,SQL Mem : CurrMem: 22 mb, PeakMem: 24 mb 
(2025-05-10 09:15:00),0.229796,0,end,1507.06,419,SQL Mem : CurrMem: 22 mb, PeakMem: 24 mb 
(2025-05-10 09:15:01),0.233665,0,start,1509.75,419,SQL Mem : CurrMem: 22 mb, PeakMem: 24 mb 
(2025-05-10 09:15:01),0.233665,0,end,1509.75,419,SQL Mem : CurrMem: 22 mb, PeakMem: 24 mb 
(2025-05-10 09:15:01),0.233666,0,start,1509.75,419,SQL Mem : CurrMem: 22 mb, PeakMem: 24 mb 
(2025-05-10 09:15:01),0.233667,0,end,1509.75,419,SQL Mem : CurrMem: 22 mb, PeakMem: 24 mb 
(2025-05-10 09:15:01),0.233676,0,start,1509.75,419,SQL Index (add_index) :CurrMem: 22 mb, PeakMem: 24 mb 
(2025-05-10 09:15:01),0.23368,0,end,1509.75,419,SQL Index (add_index) :CurrMem: 22 mb, PeakMem: 24 mb 
(2025-05-10 09:15:02),0.247643,0,start,1509.75,419,ApplyPendingWaiver
(2025-05-10 09:15:02),0.247646,0,end,1509.75,419,ApplyPendingWaiver
(2025-05-10 09:15:02),0.248095,0,start,1509.75,427,PragmaWaiverGen: 
(2025-05-10 09:15:02),0.248095,0,start,1509.75,427,PragmaWaiverUsingViol : 
(2025-05-10 09:15:02),0.248099,0,end,1509.75,427,PragmaWaiverUsingViol : 
(2025-05-10 09:15:02),0.248101,0,end,1509.75,427,PragmaWaiverGen: 
(2025-05-10 09:15:02),0.248102,0,start,1509.75,427,PragmaWaiverApply: 
(2025-05-10 09:15:02),0.249185,0,start,1509.75,427,generatePragmaWaiverCommands: 
(2025-05-10 09:15:02),0.249186,0,end,1509.75,427,generatePragmaWaiverCommands: 
(2025-05-10 09:15:02),0.249186,0,end,1509.75,427,PragmaWaiverApply: 
