(2025-04-24 10:04:19),0.000965072,0,start,964.867,13,LicenseMgr Init : 
(2025-04-24 10:04:20),0.0132738,0,end,971.594,14,LicenseMgr Init : 
(2025-04-24 10:04:22),0.0539949,0,start,1441.96,375,SQL_DB_Save_Main
(2025-04-24 10:04:22),0.0542809,0,end,1441.96,375,SQL_DB_Save_Main
(2025-04-24 10:04:23),0.0667921,0,start,1441.96,375,SQL_DB_Save_Main
(2025-04-24 10:04:23),0.0671109,0,end,1441.96,375,SQL_DB_Save_Main
(2025-04-24 10:04:25),0.0983378,0,start,1441.96,378,Analyze 
(2025-04-24 10:04:25),0.102919,0,end,1441.96,378,Analyze 
(2025-04-24 10:04:25),0.10292,0,start,1441.96,378,Load VCS Message: 
(2025-04-24 10:04:25),0.102923,0,end,1441.96,378,Load VCS Message: 
(2025-04-24 10:04:25),0.10806,0,start,1441.96,386,Elaborate : 
(2025-04-24 10:04:28),0.154535,0,end,1441.96,387,Elaborate : 
(2025-04-24 10:04:28),0.154537,0,start,1441.96,387,Load VCS Message: 
(2025-04-24 10:04:28),0.15479,0,end,1441.96,387,Load VCS Message: 
(2025-04-24 10:04:28),0.154791,0,start,1441.96,387,LoadCircuitModel : 
(2025-04-24 10:04:28),0.154808,0,start,1441.96,387,VsiLib_Restore : 
(2025-04-24 10:04:28),0.154809,0,end,1441.96,387,VsiLib_Restore : 
(2025-04-24 10:04:28),0.154809,0,end,1441.96,387,LoadCircuitModel : 
(2025-04-24 10:04:28),0.15481,0,start,1441.96,387,BuildNetlist : 
(2025-04-24 10:04:28),0.154811,0,start,1441.96,387,NLDM Build : 
(2025-04-24 10:04:28),0.154887,0,end,1441.96,401,NLDM Build : 
(2025-04-24 10:04:28),0.154889,1,start,1441.96,401,Cell properties : 
(2025-04-24 10:04:28),0.15489,1,end,1441.96,401,Cell properties : 
(2025-04-24 10:04:28),0.154891,0,end,1441.96,401,BuildNetlist : 
(2025-04-24 10:04:28),0.154941,0,start,1441.96,401,populate SSF data: 
(2025-04-24 10:04:28),0.154941,0,end,1441.96,401,populate SSF data: 
(2025-04-24 10:04:28),0.154942,0,start,1441.96,401,DumpGateCountStats : 
(2025-04-24 10:04:28),0.154944,0,end,1441.96,401,DumpGateCountStats : 
(2025-04-24 10:04:28),0.154945,0,start,1441.96,401,RunReductionEngine : 
(2025-04-24 10:04:28),0.154998,1,start,1441.96,411,BlockEnginePropagation : 
(2025-04-24 10:04:28),0.155,1,end,1441.96,411,BlockEnginePropagation : 
(2025-04-24 10:04:28),0.155001,0,end,1441.96,411,RunReductionEngine : 
(2025-04-24 10:04:28),0.155002,1,start,1441.96,411,ModuleDesignPropagation : 
(2025-04-24 10:04:28),0.155003,1,end,1441.96,411,ModuleDesignPropagation : 
(2025-04-24 10:04:28),0.155016,0,start,1441.96,411,Mdm2Nschema : 
(2025-04-24 10:04:28),0.155453,0,start,1464.03,416,Infer Setup : 
(2025-04-24 10:04:28),0.155454,1,start,1464.03,416,_nameToNet Map clear : 
(2025-04-24 10:04:28),0.155454,1,end,1464.03,416,_nameToNet Map clear : 
(2025-04-24 10:04:28),0.155455,1,start,1464.03,416,ConstantPropagation : 
(2025-04-24 10:04:28),0.155455,1,start,1464.03,416,UserConstantPropagation : 
(2025-04-24 10:04:28),0.155456,1,end,1464.03,416,UserConstantPropagation : 
(2025-04-24 10:04:28),0.155457,1,start,1464.03,416,DynamicUserCasePropagation : 
(2025-04-24 10:04:28),0.155457,1,end,1464.03,416,DynamicUserCasePropagation : 
(2025-04-24 10:04:28),0.155458,1,start,1464.03,416,DesignConstantPropagation : 
(2025-04-24 10:04:28),0.155459,1,end,1464.03,416,DesignConstantPropagation : 
(2025-04-24 10:04:28),0.155459,1,start,1464.03,416,ReverseConstPropagationOnBiDir: 
(2025-04-24 10:04:28),0.15546,1,end,1464.03,416,ReverseConstPropagationOnBiDir: 
(2025-04-24 10:04:28),0.15546,1,end,1464.03,416,ConstantPropagation : 
(2025-04-24 10:04:28),0.155461,0,start,1464.03,416,populateInfoToView : 
(2025-04-24 10:04:28),0.155462,0,end,1464.03,416,populateInfoToView : 
(2025-04-24 10:04:28),0.155465,0,end,1464.03,416,Infer Setup : 
(2025-04-24 10:04:28),0.15547,0,start,1464.03,416,Infer Setup : 
(2025-04-24 10:04:28),0.155472,0,end,1464.03,416,Infer Setup : 
(2025-04-24 10:04:28),0.155475,0,start,1464.03,416,evaluateGenClocksForBlockedPaths: 
(2025-04-24 10:04:28),0.155475,0,end,1464.03,416,evaluateGenClocksForBlockedPaths: 
(2025-04-24 10:04:32),0.216247,0,start,1506.55,418,SQL Mem : CurrMem: 22 mb, PeakMem: 24 mb 
(2025-04-24 10:04:32),0.216247,0,end,1506.55,418,SQL Mem : CurrMem: 22 mb, PeakMem: 24 mb 
(2025-04-24 10:04:32),0.219694,0,start,1509.24,418,SQL Mem : CurrMem: 22 mb, PeakMem: 24 mb 
(2025-04-24 10:04:32),0.219695,0,end,1509.24,418,SQL Mem : CurrMem: 22 mb, PeakMem: 24 mb 
(2025-04-24 10:04:32),0.219696,0,start,1509.24,418,SQL Mem : CurrMem: 22 mb, PeakMem: 24 mb 
(2025-04-24 10:04:32),0.219697,0,end,1509.24,418,SQL Mem : CurrMem: 22 mb, PeakMem: 24 mb 
(2025-04-24 10:04:32),0.219705,0,start,1509.24,418,SQL Index (add_index) :CurrMem: 22 mb, PeakMem: 24 mb 
(2025-04-24 10:04:32),0.219709,0,end,1509.24,418,SQL Index (add_index) :CurrMem: 22 mb, PeakMem: 24 mb 
(2025-04-24 10:04:33),0.233938,0,start,1509.24,418,ApplyPendingWaiver
(2025-04-24 10:04:33),0.233941,0,end,1509.24,418,ApplyPendingWaiver
(2025-04-24 10:04:33),0.234358,0,start,1509.24,427,PragmaWaiverGen: 
(2025-04-24 10:04:33),0.234358,0,start,1509.24,427,PragmaWaiverUsingViol : 
(2025-04-24 10:04:33),0.23436,0,end,1509.24,427,PragmaWaiverUsingViol : 
(2025-04-24 10:04:33),0.234361,0,end,1509.24,427,PragmaWaiverGen: 
(2025-04-24 10:04:33),0.234361,0,start,1509.24,427,PragmaWaiverApply: 
(2025-04-24 10:04:33),0.235256,0,start,1509.24,427,generatePragmaWaiverCommands: 
(2025-04-24 10:04:33),0.235257,0,end,1509.24,427,generatePragmaWaiverCommands: 
(2025-04-24 10:04:33),0.235257,0,end,1509.24,427,PragmaWaiverApply: 
