# vsim -vopt -voptargs="+acc" -coverage -c -do "coverage save -onexit -codeAll ../sim/covdb.ucdb; log -r /* ;run -all; quit" register_tb -work ../sim -l ../sim/simulation.log -wlf ../sim/waveform.wlf 
# Start time: 17:24:54 on May 11,2025
# ** Note: (vsim-8009) Loading existing optimized design _opt1
# //  Questa Sim-64
# //  Version 2021.2_1 linux_x86_64 May 15 2021
# //
# //  Copyright 1991-2021 Mentor Graphics Corporation
# //  All Rights Reserved.
# //
# //  QuestaSim and its associated documentation contain trade
# //  secrets and commercial or financial information that are the property of
# //  Mentor Graphics Corporation and are privileged, confidential,
# //  and exempt from disclosure under the Freedom of Information Act,
# //  5 U.S.C. Section 552. Furthermore, this information
# //  is prohibited from disclosure under the Trade Secrets Act,
# //  18 U.S.C. Section 1905.
# //
# Loading sv_std.std
# Loading work.register_tb(fast)
# Loading work.register(fast)
# coverage save -onexit -codeAll ../sim/covdb.ucdb
#  log -r /* 
# run -all
# Time                    5: rgpio_in = 00000000, rgpio_out = 00000000, out_pad_o = 00000000, gpio_inta_o = 0
# Time                   15: rgpio_in = 00000000, rgpio_out = 00000000, out_pad_o = 00000000, gpio_inta_o = 0
# Time                   25: rgpio_in = 00000000, rgpio_out = 00000000, out_pad_o = 00000000, gpio_inta_o = 0
# Time                   35: rgpio_in = 00000000, rgpio_out = 00000000, out_pad_o = 00000000, gpio_inta_o = 0
# Time                   45: rgpio_in = 00000000, rgpio_out = 00000000, out_pad_o = 00000000, gpio_inta_o = 0
# Time                   45: Read 00000000 from address 00000004
# Time                   55: rgpio_in = 00000000, rgpio_out = 00000000, out_pad_o = 00000000, gpio_inta_o = 0
# Time                   55: Read 00000000 from address 00000008
# Time                   65: rgpio_in = 00000000, rgpio_out = 00000000, out_pad_o = 00000000, gpio_inta_o = 0
# Time                   65: Read 00000000 from address 0000000c
# Time                   75: rgpio_in = 00000000, rgpio_out = 00000000, out_pad_o = 00000000, gpio_inta_o = 0
# Time                   75: Read 00000000 from address 00000018
# Time                   85: rgpio_in = 00000000, rgpio_out = 00000000, out_pad_o = 00000000, gpio_inta_o = 0
# Time                   85: Read 00000000 from address 0000001c
# Time                   95: rgpio_in = 00000000, rgpio_out = 00000000, out_pad_o = 00000000, gpio_inta_o = 0
# Time                  100: Wrote aaaa5555 to address 00000004
# Time                  105: rgpio_in = 00000000, rgpio_out = aaaa5555, out_pad_o = aaaa5555, gpio_inta_o = 0
# Time                  115: rgpio_in = 00000000, rgpio_out = aaaa5555, out_pad_o = aaaa5555, gpio_inta_o = 0
# Time                  115: Read aaaa5555 from address 00000004
# Time                  125: rgpio_in = 00000000, rgpio_out = aaaa5555, out_pad_o = aaaa5555, gpio_inta_o = 0
# Time                  130: Wrote ffff0000 to address 00000008
# Time                  135: rgpio_in = 00000000, rgpio_out = aaaa5555, out_pad_o = aaaa5555, gpio_inta_o = 0
# Time                  145: rgpio_in = 00000000, rgpio_out = aaaa5555, out_pad_o = aaaa5555, gpio_inta_o = 0
# Time                  145: Read ffff0000 from address 00000008
# Time                  155: rgpio_in = 00000000, rgpio_out = aaaa5555, out_pad_o = aaaa5555, gpio_inta_o = 0
# Time                  160: Wrote 5555aaaa to address 0000000c
# Time                  165: rgpio_in = 00000000, rgpio_out = aaaa5555, out_pad_o = aaaa5555, gpio_inta_o = 0
# Time                  175: rgpio_in = 00000000, rgpio_out = aaaa5555, out_pad_o = aaaa5555, gpio_inta_o = 0
# Time                  175: Read 5555aaaa from address 0000000c
# Time                  185: rgpio_in = 00000000, rgpio_out = aaaa5555, out_pad_o = aaaa5555, gpio_inta_o = 0
# Time                  190: Wrote ffffffff to address 00000008
# Time                  195: rgpio_in = 00000000, rgpio_out = aaaa5555, out_pad_o = aaaa5555, gpio_inta_o = 0
# Time                  205: rgpio_in = 00000000, rgpio_out = aaaa5555, out_pad_o = aaaa5555, gpio_inta_o = 0
# Time                  210: Wrote 12345678 to address 00000004
# Time                  215: rgpio_in = 00000000, rgpio_out = 12345678, out_pad_o = 12345678, gpio_inta_o = 0
# Time                  225: rgpio_in = 00000000, rgpio_out = 12345678, out_pad_o = 12345678, gpio_inta_o = 0
# Time                  230: Wrote ffffffff to address 00000014
# Time                  235: rgpio_in = 00000000, rgpio_out = 12345678, out_pad_o = abcdef12, gpio_inta_o = 0
# Time                  245: rgpio_in = 00000000, rgpio_out = 12345678, out_pad_o = abcdef12, gpio_inta_o = 0
# Time                  250: Wrote 00000000 to address 00000020
# Time                  255: rgpio_in = 00000000, rgpio_out = 12345678, out_pad_o = abcdef12, gpio_inta_o = 0
# Time                  265: rgpio_in = deadbeef, rgpio_out = 12345678, out_pad_o = abcdef12, gpio_inta_o = 0
# Time                  265: Read 00000000 from address 00000000
# ** Error: Input sampling with sys_clk failed: 00000000
#    Time: 265 ns  Scope: register_tb File: ../src/register_tb.sv Line: 259
# Time                  275: rgpio_in = deadbeef, rgpio_out = 12345678, out_pad_o = abcdef12, gpio_inta_o = 0
# Time                  280: Wrote ffffffff to address 00000020
# Time                  285: rgpio_in = deadbeef, rgpio_out = 12345678, out_pad_o = abcdef12, gpio_inta_o = 0
# Time                  295: rgpio_in = deadbeef, rgpio_out = 12345678, out_pad_o = abcdef12, gpio_inta_o = 0
# Time                  300: Wrote 00000000 to address 00000024
# Time                  305: rgpio_in = deadbeef, rgpio_out = 12345678, out_pad_o = abcdef12, gpio_inta_o = 0
# Time                  315: rgpio_in = deadbeef, rgpio_out = 12345678, out_pad_o = abcdef12, gpio_inta_o = 0
# Time                  325: rgpio_in = deadbeef, rgpio_out = 12345678, out_pad_o = abcdef12, gpio_inta_o = 0
# Time                  335: rgpio_in = deadbeef, rgpio_out = 12345678, out_pad_o = abcdef12, gpio_inta_o = 0
# Time                  345: rgpio_in = cafebabe, rgpio_out = 12345678, out_pad_o = abcdef12, gpio_inta_o = 0
# Time                  345: Read 00000000 from address 00000000
# ** Error: Input sampling with gpio_eclk posedge failed: 00000000
#    Time: 345 ns  Scope: register_tb File: ../src/register_tb.sv Line: 270
# Time                  355: rgpio_in = cafebabe, rgpio_out = 12345678, out_pad_o = abcdef12, gpio_inta_o = 0
# Time                  360: Wrote ffffffff to address 00000024
# Time                  365: rgpio_in = cafebabe, rgpio_out = 12345678, out_pad_o = abcdef12, gpio_inta_o = 0
# Time                  375: rgpio_in = cafebabe, rgpio_out = 12345678, out_pad_o = abcdef12, gpio_inta_o = 0
# Time                  385: rgpio_in = cafebabe, rgpio_out = 12345678, out_pad_o = abcdef12, gpio_inta_o = 0
# Time                  395: rgpio_in = beefdead, rgpio_out = 12345678, out_pad_o = abcdef12, gpio_inta_o = 0
# Time                  395: Read ffffffff from address 00000000
# ** Error: Input sampling with gpio_eclk negedge failed: ffffffff
#    Time: 395 ns  Scope: register_tb File: ../src/register_tb.sv Line: 280
# Time                  405: rgpio_in = beefdead, rgpio_out = 12345678, out_pad_o = abcdef12, gpio_inta_o = 0
# Time                  410: Wrote 00000000 to address 00000008
# Time                  415: rgpio_in = beefdead, rgpio_out = 12345678, out_pad_o = abcdef12, gpio_inta_o = 0
# Time                  425: rgpio_in = beefdead, rgpio_out = 12345678, out_pad_o = abcdef12, gpio_inta_o = 0
# Time                  430: Wrote 00000000 to address 00000020
# Time                  435: rgpio_in = beefdead, rgpio_out = 12345678, out_pad_o = abcdef12, gpio_inta_o = 0
# Time                  445: rgpio_in = beefdead, rgpio_out = 12345678, out_pad_o = abcdef12, gpio_inta_o = 0
# Time                  450: Wrote 000000ff to address 0000000c
# Time                  455: rgpio_in = beefdead, rgpio_out = 12345678, out_pad_o = abcdef12, gpio_inta_o = 0
# Time                  465: rgpio_in = beefdead, rgpio_out = 12345678, out_pad_o = abcdef12, gpio_inta_o = 0
# Time                  470: Wrote 000000ff to address 00000010
# Time                  475: rgpio_in = beefdead, rgpio_out = 12345678, out_pad_o = abcdef12, gpio_inta_o = 0
# Time                  485: rgpio_in = beefdead, rgpio_out = 12345678, out_pad_o = abcdef12, gpio_inta_o = 0
# Time                  490: Wrote 00000001 to address 00000018
# Time                  495: rgpio_in = beefdead, rgpio_out = 12345678, out_pad_o = abcdef12, gpio_inta_o = 0
# Time                  505: rgpio_in = 00000000, rgpio_out = 12345678, out_pad_o = abcdef12, gpio_inta_o = 0
# Time                  515: rgpio_in = 000000ff, rgpio_out = 12345678, out_pad_o = abcdef12, gpio_inta_o = 1
# Time                  515: Read 00000001 from address 0000001c
# ** Error: Interrupts not set correctly: 00000001
#    Time: 515 ns  Scope: register_tb File: ../src/register_tb.sv Line: 294
# Time                  525: rgpio_in = 000000ff, rgpio_out = 12345678, out_pad_o = abcdef12, gpio_inta_o = 1
# Time                  525: Read 000000ff from address 00000018
# Time                  535: rgpio_in = 000000ff, rgpio_out = 12345678, out_pad_o = abcdef12, gpio_inta_o = 1
# Time                  540: Wrote 00000000 to address 0000001c
# Time                  545: rgpio_in = 000000ff, rgpio_out = 12345678, out_pad_o = abcdef12, gpio_inta_o = 0
# Time                  555: rgpio_in = 000000ff, rgpio_out = 12345678, out_pad_o = abcdef12, gpio_inta_o = 0
# Time                  555: Read 00000000 from address 00000018
# Time                  565: rgpio_in = 000000ff, rgpio_out = 12345678, out_pad_o = abcdef12, gpio_inta_o = 0
# Time                  570: Wrote 00000000 to address 00000010
# Time                  575: rgpio_in = 000000ff, rgpio_out = 12345678, out_pad_o = abcdef12, gpio_inta_o = 0
# Time                  585: rgpio_in = 000000ff, rgpio_out = 12345678, out_pad_o = abcdef12, gpio_inta_o = 0
# Time                  595: rgpio_in = 00000000, rgpio_out = 12345678, out_pad_o = abcdef12, gpio_inta_o = 1
# Time                  595: Read 00000000 from address 0000001c
# ** Error: Falling edge interrupts not set correctly: 00000000
#    Time: 595 ns  Scope: register_tb File: ../src/register_tb.sv Line: 318
# Time                  605: rgpio_in = 00000000, rgpio_out = 12345678, out_pad_o = abcdef12, gpio_inta_o = 1
# Time                  610: Wrote 0000ffff to address 00000008
# Time                  615: rgpio_in = 00000000, rgpio_out = 12345678, out_pad_o = abcdef12, gpio_inta_o = 1
# Time                  625: rgpio_in = 00000000, rgpio_out = 12345678, out_pad_o = abcdef12, gpio_inta_o = 1
# Time                  630: Wrote 0000abcd to address 00000004
# Time                  635: rgpio_in = 00000000, rgpio_out = 0000abcd, out_pad_o = abcdef12, gpio_inta_o = 1
# ** Error: Bidirectional output failed: abcdef12
#    Time: 635 ns  Scope: register_tb File: ../src/register_tb.sv Line: 326
# Time                  645: rgpio_in = 12340000, rgpio_out = 0000abcd, out_pad_o = abcdef12, gpio_inta_o = 1
# Time                  645: Read 0000abcd from address 00000000
# ** Error: Bidirectional input failed: 0000abcd
#    Time: 645 ns  Scope: register_tb File: ../src/register_tb.sv Line: 329
# All tests completed successfully
# Time                  655: rgpio_in = 12340000, rgpio_out = 0000abcd, out_pad_o = abcdef12, gpio_inta_o = 1
# Time                  665: rgpio_in = 12340000, rgpio_out = 0000abcd, out_pad_o = abcdef12, gpio_inta_o = 1
# Time                  675: rgpio_in = 12340000, rgpio_out = 0000abcd, out_pad_o = abcdef12, gpio_inta_o = 1
# Time                  685: rgpio_in = 12340000, rgpio_out = 0000abcd, out_pad_o = abcdef12, gpio_inta_o = 1
# Time                  695: rgpio_in = 12340000, rgpio_out = 0000abcd, out_pad_o = abcdef12, gpio_inta_o = 1
# Time                  705: rgpio_in = 12340000, rgpio_out = 0000abcd, out_pad_o = abcdef12, gpio_inta_o = 1
# Time                  715: rgpio_in = 12340000, rgpio_out = 0000abcd, out_pad_o = abcdef12, gpio_inta_o = 1
# Time                  725: rgpio_in = 12340000, rgpio_out = 0000abcd, out_pad_o = abcdef12, gpio_inta_o = 1
# Time                  735: rgpio_in = 12340000, rgpio_out = 0000abcd, out_pad_o = abcdef12, gpio_inta_o = 1
# ** Note: $finish    : ../src/register_tb.sv(332)
#    Time: 745 ns  Iteration: 0  Instance: /register_tb
# Saving coverage database on exit...
# End time: 17:24:56 on May 11,2025, Elapsed time: 0:00:02
# Errors: 7, Warnings: 0
