# vsim -vopt -voptargs="+acc" -coverage -c -do "coverage save -onexit -codeAll ../sim/covdb_apb_if.ucdb; log -r /* ;run -all; quit" apb_if_tb -work ../sim -l ../sim/simulation_apb_if.log -wlf ../sim/apb_if_wv/waveform_apb_if.wlf 
# Start time: 11:38:55 on May 14,2025
# ** Note: (vsim-3812) Design is being optimized...
# ** Warning: (vopt-10587) Some optimizations are turned off because the +acc switch is in effect. This will cause your simulation to run slowly. Please use -access/-debug to maintain needed visibility.
# ** Note: (vopt-143) Recognized 1 FSM in module "apb_fsm(fast)".
# ** Note: (vsim-12126) Error and warning message counts have been restored: Errors=0, Warnings=1.
# //  Questa Sim-64
# //  Version 2022.1_2 linux_x86_64 Apr  2 2022
# //
# //  Copyright 1991-2022 Mentor Graphics Corporation
# //  All Rights Reserved.
# //
# //  QuestaSim and its associated documentation contain trade
# //  secrets and commercial or financial information that are the property of
# //  Mentor Graphics Corporation and are privileged, confidential,
# //  and exempt from disclosure under the Freedom of Information Act,
# //  5 U.S.C. Section 552. Furthermore, this information
# //  is prohibited from disclosure under the Trade Secrets Act,
# //  18 U.S.C. Section 1905.
# //
# Loading sv_std.std
# Loading work.apb_if_tb(fast)
# Loading work.apb_if(fast)
# Loading work.apb_fsm(fast)
# coverage save -onexit -codeAll ../sim/covdb_apb_if.ucdb
#  log -r /* 
# run -all
# ** Note: $finish    : ../src/apb_if_tb.sv(94)
#    Time: 170 ns  Iteration: 0  Instance: /apb_if_tb
# Saving coverage database on exit...
# End time: 11:38:55 on May 14,2025, Elapsed time: 0:00:00
# Errors: 0, Warnings: 1
