# vsim -vopt -voptargs="+acc" -coverage -c -do "coverage save -onexit -codeAll ../sim/covdb_aux.ucdb; log -r /* ;run -all; quit" aux_if_tb -work ../sim -l ../sim/simulation_aux.log -wlf ../sim/aux_wv/waveform_aux.wlf 
# Start time: 11:38:56 on May 14,2025
# ** Note: (vsim-3812) Design is being optimized...
# ** Warning: (vopt-10587) Some optimizations are turned off because the +acc switch is in effect. This will cause your simulation to run slowly. Please use -access/-debug to maintain needed visibility.
# ** Note: (vsim-12126) Error and warning message counts have been restored: Errors=0, Warnings=1.
# //  Questa Sim-64
# //  Version 2022.1_2 linux_x86_64 Apr  2 2022
# //
# //  Copyright 1991-2022 Mentor Graphics Corporation
# //  All Rights Reserved.
# //
# //  QuestaSim and its associated documentation contain trade
# //  secrets and commercial or financial information that are the property of
# //  Mentor Graphics Corporation and are privileged, confidential,
# //  and exempt from disclosure under the Freedom of Information Act,
# //  5 U.S.C. Section 552. Furthermore, this information
# //  is prohibited from disclosure under the Trade Secrets Act,
# //  18 U.S.C. Section 1905.
# //
# Loading sv_std.std
# Loading work.aux_if_tb(fast)
# Loading work.aux_if(fast)
# Loading work.aux_reg(fast)
# coverage save -onexit -codeAll ../sim/covdb_aux.ucdb
#  log -r /* 
# run -all
# aux_in = 0, aux_i = 0, sys_rst = 0, time = 0
# aux_in = 1111101, aux_i = 0, sys_rst = 1, time = 20
# aux_in = 1111101, aux_i = 1111101, sys_rst = 1, time = 25
# aux_in = 10000110, aux_i = 1111101, sys_rst = 1, time = 40
# aux_in = 10000110, aux_i = 10000110, sys_rst = 1, time = 45
# aux_in = 11000110, aux_i = 10000110, sys_rst = 1, time = 60
# aux_in = 11000110, aux_i = 11000110, sys_rst = 1, time = 65
# ** Note: $finish    : ../src/aux_if_tb.sv(46)
#    Time: 100 ns  Iteration: 0  Instance: /aux_if_tb
# Saving coverage database on exit...
# End time: 11:38:56 on May 14,2025, Elapsed time: 0:00:00
# Errors: 0, Warnings: 1
