################################################################################
#
# This file has been generated by SpyGlass:
#     Report Created by: YashasH
#     Report Created on: Tue Apr 22 12:44:38 2025
#     Working Directory: /home1/WBRN18/YashasH/apb_gpio/script
#     Report Location  : /home1/WBRN18/YashasH/apb_gpio/script/vcst_rtdb/spyglass/vc_lint0/aux_if/VC_GOAL0/spyglass_reports/SpyGlass/elab_summary.rpt
#     SpyGlass Version : SpyGlass_vT-2022.06
#     Policy Name      : SpyGlass(SpyGlass_vT-2022.06)
#     Comment          : This report contains RTL and Elaborated names along with parameter values
#
################################################################################

================================================================================
Elaborated Name: 'aux_reg'
    (RTL Design Unit name: 'aux_reg', ./../src/aux_reg.sv:1)
     Parameters (Total: 0)
     Instances (Total: 1): aux_if.i1 

================================================================================

Elaborated Name: 'aux_if'
    (RTL Design Unit name: 'aux_if', ./../src/aux_if.sv:1)
     Parameters (Total: 0)
================================================================================
