################################################################################
#
# This file has been generated by SpyGlass:
#     Report Created by: YashasH
#     Report Created on: Sat May 10 09:15:00 2025
#     Working Directory: /home1/WBRN18/YashasH/VLSI_RN/apb_gpio/script
#     Report Location  : /home1/WBRN18/YashasH/VLSI_RN/apb_gpio/script/vcst_rtdb/spyglass/vc_lint0/apb_top/VC_GOAL0/spyglass_reports/SpyGlass/elab_summary.rpt
#     SpyGlass Version : SpyGlass_vT-2022.06
#     Policy Name      : SpyGlass(SpyGlass_vT-2022.06)
#     Comment          : This report contains RTL and Elaborated names along with parameter values
#
################################################################################

================================================================================
Elaborated Name: 'apb_if'
    (RTL Design Unit name: 'apb_if', ./../src/apb_if.sv:1)
     Parameters (Total: 0)
     Instances (Total: 1): apb_top.if_instance 

================================================================================

Elaborated Name: 'apb_fsm'
    (RTL Design Unit name: 'apb_fsm', ./../src/apb_fsm.sv:1)
     Parameters (Total: 3)
         IDLE   = 0 (default: 2'b00)
         SETUP  = 1 (default: 2'b01)
         ENABLE = 2 (default: 2'b10)
     Instances (Total: 1): apb_top.if_instance.fs1 

================================================================================

Elaborated Name: 'register'
    (RTL Design Unit name: 'register', ./../src/register.sv:16)
     Parameters (Total: 0)
     Instances (Total: 1): apb_top.reg_instance 

================================================================================

Elaborated Name: 'aux_if'
    (RTL Design Unit name: 'aux_if', ./../src/aux_if.sv:1)
     Parameters (Total: 0)
     Instances (Total: 1): apb_top.aux_instance 

================================================================================

Elaborated Name: 'aux_reg'
    (RTL Design Unit name: 'aux_reg', ./../src/aux_reg.sv:1)
     Parameters (Total: 0)
     Instances (Total: 1): apb_top.aux_instance.i1 

================================================================================

Elaborated Name: 'apb_io'
    (RTL Design Unit name: 'apb_io', ./../src/apb_io.sv:1)
     Parameters (Total: 0)
     Instances (Total: 1): apb_top.io_instance 

================================================================================

Elaborated Name: 'apb_top'
    (RTL Design Unit name: 'apb_top', ./../src/apb_top.sv:1)
     Parameters (Total: 0)
================================================================================
