(2025-04-22 12:44:24),0.000552973,0,start,964.867,13,LicenseMgr Init : 
(2025-04-22 12:44:25),0.0136975,0,end,971.594,14,LicenseMgr Init : 
(2025-04-22 12:44:28),0.0609194,0,start,1441.96,375,SQL_DB_Save_Main
(2025-04-22 12:44:28),0.0611843,0,end,1441.96,375,SQL_DB_Save_Main
(2025-04-22 12:44:29),0.0743067,0,start,1441.96,375,SQL_DB_Save_Main
(2025-04-22 12:44:29),0.0745934,0,end,1441.96,375,SQL_DB_Save_Main
(2025-04-22 12:44:31),0.112412,0,start,1441.96,378,Analyze 
(2025-04-22 12:44:31),0.117237,0,end,1441.96,378,Analyze 
(2025-04-22 12:44:31),0.117237,0,start,1441.96,378,Load VCS Message: 
(2025-04-22 12:44:31),0.11724,0,end,1441.96,378,Load VCS Message: 
(2025-04-22 12:44:31),0.122566,0,start,1441.96,386,Elaborate : 
(2025-04-22 12:44:34),0.170893,0,end,1441.96,387,Elaborate : 
(2025-04-22 12:44:34),0.170896,0,start,1441.96,387,Load VCS Message: 
(2025-04-22 12:44:34),0.171181,0,end,1441.96,387,Load VCS Message: 
(2025-04-22 12:44:34),0.171182,0,start,1441.96,387,LoadCircuitModel : 
(2025-04-22 12:44:34),0.171188,0,start,1441.96,387,VsiLib_Restore : 
(2025-04-22 12:44:34),0.171188,0,end,1441.96,387,VsiLib_Restore : 
(2025-04-22 12:44:34),0.171189,0,end,1441.96,387,LoadCircuitModel : 
(2025-04-22 12:44:34),0.17119,0,start,1441.96,387,BuildNetlist : 
(2025-04-22 12:44:34),0.17119,0,start,1441.96,387,NLDM Build : 
(2025-04-22 12:44:34),0.171245,0,end,1441.96,401,NLDM Build : 
(2025-04-22 12:44:34),0.171247,1,start,1441.96,401,Cell properties : 
(2025-04-22 12:44:34),0.171249,1,end,1441.96,401,Cell properties : 
(2025-04-22 12:44:34),0.171249,0,end,1441.96,401,BuildNetlist : 
(2025-04-22 12:44:34),0.171309,0,start,1441.96,401,populate SSF data: 
(2025-04-22 12:44:34),0.17131,0,end,1441.96,401,populate SSF data: 
(2025-04-22 12:44:34),0.171311,0,start,1441.96,401,DumpGateCountStats : 
(2025-04-22 12:44:34),0.171313,0,end,1441.96,401,DumpGateCountStats : 
(2025-04-22 12:44:34),0.171313,0,start,1441.96,401,RunReductionEngine : 
(2025-04-22 12:44:34),0.171368,1,start,1441.96,410,BlockEnginePropagation : 
(2025-04-22 12:44:34),0.17137,1,end,1441.96,410,BlockEnginePropagation : 
(2025-04-22 12:44:34),0.171371,0,end,1441.96,410,RunReductionEngine : 
(2025-04-22 12:44:34),0.171371,1,start,1441.96,410,ModuleDesignPropagation : 
(2025-04-22 12:44:34),0.171372,1,end,1441.96,410,ModuleDesignPropagation : 
(2025-04-22 12:44:34),0.171386,0,start,1441.96,411,Mdm2Nschema : 
(2025-04-22 12:44:34),0.171844,0,start,1463.66,415,Infer Setup : 
(2025-04-22 12:44:34),0.171845,1,start,1463.66,415,_nameToNet Map clear : 
(2025-04-22 12:44:34),0.171846,1,end,1463.66,415,_nameToNet Map clear : 
(2025-04-22 12:44:34),0.171846,1,start,1463.66,415,ConstantPropagation : 
(2025-04-22 12:44:34),0.171847,1,start,1463.66,415,UserConstantPropagation : 
(2025-04-22 12:44:34),0.171848,1,end,1463.66,415,UserConstantPropagation : 
(2025-04-22 12:44:34),0.171848,1,start,1463.66,415,DynamicUserCasePropagation : 
(2025-04-22 12:44:34),0.171849,1,end,1463.66,415,DynamicUserCasePropagation : 
(2025-04-22 12:44:34),0.171849,1,start,1463.66,415,DesignConstantPropagation : 
(2025-04-22 12:44:34),0.171851,1,end,1463.66,415,DesignConstantPropagation : 
(2025-04-22 12:44:34),0.171851,1,start,1463.66,415,ReverseConstPropagationOnBiDir: 
(2025-04-22 12:44:34),0.171852,1,end,1463.66,415,ReverseConstPropagationOnBiDir: 
(2025-04-22 12:44:34),0.171853,1,end,1463.66,415,ConstantPropagation : 
(2025-04-22 12:44:34),0.171854,0,start,1463.66,415,populateInfoToView : 
(2025-04-22 12:44:34),0.171854,0,end,1463.66,415,populateInfoToView : 
(2025-04-22 12:44:34),0.17186,0,end,1463.66,415,Infer Setup : 
(2025-04-22 12:44:34),0.171866,0,start,1463.66,415,Infer Setup : 
(2025-04-22 12:44:34),0.171869,0,end,1463.66,415,Infer Setup : 
(2025-04-22 12:44:34),0.171873,0,start,1463.66,415,evaluateGenClocksForBlockedPaths: 
(2025-04-22 12:44:34),0.171874,0,end,1463.66,415,evaluateGenClocksForBlockedPaths: 
(2025-04-22 12:44:39),0.240814,0,start,1506.18,417,SQL Mem : CurrMem: 22 mb, PeakMem: 24 mb 
(2025-04-22 12:44:39),0.240815,0,end,1506.18,417,SQL Mem : CurrMem: 22 mb, PeakMem: 24 mb 
(2025-04-22 12:44:39),0.247175,0,start,1507.74,418,SQL Mem : CurrMem: 22 mb, PeakMem: 24 mb 
(2025-04-22 12:44:39),0.247176,0,end,1507.74,418,SQL Mem : CurrMem: 22 mb, PeakMem: 24 mb 
(2025-04-22 12:44:39),0.247177,0,start,1507.74,418,SQL Mem : CurrMem: 22 mb, PeakMem: 24 mb 
(2025-04-22 12:44:39),0.247178,0,end,1507.74,418,SQL Mem : CurrMem: 22 mb, PeakMem: 24 mb 
(2025-04-22 12:44:39),0.247187,0,start,1507.74,418,SQL Index (add_index) :CurrMem: 22 mb, PeakMem: 24 mb 
(2025-04-22 12:44:39),0.247191,0,end,1507.74,418,SQL Index (add_index) :CurrMem: 22 mb, PeakMem: 24 mb 
(2025-04-22 12:44:40),0.261145,0,start,1507.74,418,ApplyPendingWaiver
(2025-04-22 12:44:40),0.261149,0,end,1507.74,418,ApplyPendingWaiver
(2025-04-22 12:44:40),0.261598,0,start,1507.74,426,PragmaWaiverGen: 
(2025-04-22 12:44:40),0.261599,0,start,1507.74,426,PragmaWaiverUsingViol : 
(2025-04-22 12:44:40),0.2616,0,end,1507.74,426,PragmaWaiverUsingViol : 
(2025-04-22 12:44:40),0.261601,0,end,1507.74,426,PragmaWaiverGen: 
(2025-04-22 12:44:40),0.261602,0,start,1507.74,426,PragmaWaiverApply: 
(2025-04-22 12:44:40),0.26283,0,start,1507.74,426,generatePragmaWaiverCommands: 
(2025-04-22 12:44:40),0.262831,0,end,1507.74,426,generatePragmaWaiverCommands: 
(2025-04-22 12:44:40),0.262832,0,end,1507.74,426,PragmaWaiverApply: 
