09:14:47 : Disable event(s) list: aaMonetBanffGetPropSummaryResults aaMonetEvReportDbUpdated aaMonetBanffGetPropSummary aaMonetEvReportCompressFinished aaMonetBanffGetPropResults aaMonetCmdHelp aaMonetEvReportDbUpdating aaMonetEvFormalCoreInvalidated aaMonetEvReportWaiverStarted aaMonetEvReportCompressStarted aaMonetEvErrorMsg aaMonetEvReportWaiverFinished
09:14:49 : Monet(R):UNodeAction -name aaMonetEvSourceCmdActive -data 1 -trigger

09:14:49 : Monet(R):UNodeAction -name aaMonetEvSourceCmdActive -data 0 -trigger

09:14:49 : Monet(R):UNodeAction -name aaMonetEvSourceCmdActive -data 1 -trigger

09:14:49 : Monet(R):UNodeAction -name aaMonetEvSourceCmdActive -data 0 -trigger

09:14:49 : Monet(R):UNodeAction -name aaMonetEvSourceCmdActive -data 1 -trigger

09:14:49 : Monet(R):UNodeAction -name aaMonetEvSourceCmdActive -data 0 -trigger

09:14:49 : Monet(R):UNodeAction -name aaMonetEvSourceCmdActive -data 1 -trigger

09:14:49 : Monet(R):UNodeAction -name aaMonetEvSourceCmdActive -data 0 -trigger

09:14:49 : Monet(R):UNodeAction -name aaMonetEvSourceCmdActive -data 1 -trigger

09:14:49 : Monet(R):UNodeAction -name aaMonetEvSourceCmdActive -data 0 -trigger

09:14:49 : Monet(R):UNodeAction -name aaMonetEvSourceCmdActive -data 1 -trigger

09:14:49 : Monet(R):UNodeAction -name aaMonetEvSourceCmdActive -data 0 -trigger

09:14:49 : Monet(R):UNodeAction -name aaMonetEvSourceCmdActive -data 1 -trigger

09:14:49 : Monet(R):UNodeAction -name aaMonetEvSourceCmdActive -data 0 -trigger

09:14:49 : Monet(R):UNodeAction -name aaMonetEvSourceCmdActive -data 1 -trigger

09:14:49 : Monet(R):UNodeAction -name aaMonetEvSourceCmdActive -data 0 -trigger

09:14:49 : Monet(R):UNodeAction -name aaMonetEvSourceCmdActive -data 1 -trigger

09:14:49 : Monet(R):UNodeAction -name aaMonetEvSourceCmdActive -data 0 -trigger

09:14:49 : Monet(R):UNodeAction -name aaMonetEvSourceCmdActive -data 1 -trigger

09:14:49 : Monet(R):UNodeAction -name aaMonetEvSourceCmdActive -data 0 -trigger

09:14:49 : Monet(R):UNodeAction -name aaMonetEvSourceCmdActive -data 1 -trigger

09:14:49 : Monet(R):UNodeAction -name aaMonetEvSourceCmdActive -data 0 -trigger

09:14:49 : Monet(R):UNodeAction -name aaMonetEvSourceCmdActive -data 1 -trigger

09:14:49 : Monet(R):UNodeAction -name aaMonetEvSourceCmdActive -data 0 -trigger

09:14:49 : Monet(R):UNodeAction -name aaMonetEvSourceCmdActive -data 1 -trigger

09:14:49 : Monet(R):UNodeAction -name aaMonetEvSourceCmdActive -data 0 -trigger

09:14:49 : Monet(R):UNodeAction -name aaMonetEvSourceCmdActive -data 1 -trigger

09:14:49 : Monet(R):UNodeAction -name aaMonetEvSourceCmdActive -data 0 -trigger

09:14:49 : Monet(R):UNodeAction -name aaMonetEvSourceCmdActive -data 1 -trigger

09:14:49 : Monet(R):UNodeAction -name aaMonetEvSourceCmdActive -data 0 -trigger

09:14:49 : Monet(R):UNodeAction -name aaMonetEvSourceCmdActive -data 1 -trigger

09:14:49 : Monet(R):UNodeAction -name aaMonetEvSourceCmdActive -data 0 -trigger

09:14:49 : Monet(R):UNodeAction -name aaMonetEvGvarState -data {enable_spyglass_compatibility=true}

09:14:49 : Monet(S):aaMonetGetCmdHelp
09:14:49 : Monet(R):UNodeAction -name aaMonetSetSpyGlassLintMode -data 1 -trigger

09:14:49 : Monet(R):UNodeAction -name aaMonetEvSourceCmdActive -data 1 -trigger

09:14:49 : Monet(R):UNodeAction -name aaMonetEvGvarState -data {search_path=./}

09:14:49 : Monet(R):UNodeAction -name aaMonetEvGvarState -data {link_library= }

09:14:49 : Monet(R):UNodeAction -name aaMonetEvGvarState -data {report_all_hdl_errors=true}

09:14:49 : Monet(R):UNodeAction -name aaMonetEvGvarState -data {async_command_max_parallel_count=8}

09:14:49 : Monet(R):UNodeAction -name aaMonetEvGvarState -data {auto_correct_waiver_name=false}

09:14:49 : Monet(R):UNodeAction -name aaMonetEvGvarState -data {cdc_vector_merged_bits_simplify_level=3}

09:14:49 : Monet(R):UNodeAction -name aaMonetEvGvarState -data {default_waiver_file=}

09:14:49 : Monet(R):UNodeAction -name aaMonetEvGvarState -data {disable_abstract_nschema_linking=false}

09:14:49 : Monet(R):UNodeAction -name aaMonetEvGvarState -data {disable_waiver_command_prints=false}

09:14:49 : Monet(R):UNodeAction -name aaMonetEvGvarState -data {dpv_regression_mode=false}

09:14:49 : Monet(R):UNodeAction -name aaMonetEvGvarState -data {dump_signature_in_violation=false}

09:14:49 : Monet(R):UNodeAction -name aaMonetEvGvarState -data {enable_all_fields_to_create_filter=true}

09:14:49 : Monet(R):UNodeAction -name aaMonetEvGvarState -data {enable_cdc=false}

09:14:49 : Monet(R):UNodeAction -name aaMonetEvGvarState -data {enable_compressed_group=true}

09:14:49 : Monet(R):UNodeAction -name aaMonetEvGvarState -data {enable_copy_novas_libs=false}

09:14:49 : Monet(R):UNodeAction -name aaMonetEvGvarState -data {enable_dc_naming_style=false}

09:14:49 : Monet(R):UNodeAction -name aaMonetEvGvarState -data {enable_lint=false}

09:14:49 : Monet(R):UNodeAction -name aaMonetEvGvarState -data {enable_nextgen_cdc=false}

09:14:49 : Monet(R):UNodeAction -name aaMonetEvGvarState -data {enable_nldm_nschema=true}

09:14:49 : Monet(R):UNodeAction -name aaMonetEvGvarState -data {enable_nldm_nschema_on_demand=false}

09:14:49 : Monet(R):UNodeAction -name aaMonetEvGvarState -data {enable_nldm_nschema_thread=true}

09:14:49 : Monet(R):UNodeAction -name aaMonetEvGvarState -data {enable_nschema_container=true}

09:14:49 : Monet(R):UNodeAction -name aaMonetEvGvarState -data {enable_rdc_waveform_reset_order_graph=true}

09:14:49 : Monet(R):UNodeAction -name aaMonetEvGvarState -data {enable_sam_rtl_annotation=false}

09:14:49 : Monet(R):UNodeAction -name aaMonetEvGvarState -data {enable_signature_to_create_waiver=true}

09:14:49 : Monet(R):UNodeAction -name aaMonetEvGvarState -data {enable_verdi_background=true}

09:14:49 : Monet(R):UNodeAction -name aaMonetEvGvarState -data {enable_verdi_debug=true}

09:14:49 : Monet(R):UNodeAction -name aaMonetEvGvarState -data {enable_verdi_kdb_smart_elab=true}

09:14:49 : Monet(R):UNodeAction -name aaMonetEvGvarState -data {enable_verdi_symbolic_schematic=false}

09:14:49 : Monet(R):UNodeAction -name aaMonetEvGvarState -data {enable_vhdl_original_names=true}

09:14:49 : Monet(R):UNodeAction -name aaMonetEvGvarState -data {field_delimiter=.}

09:14:49 : Monet(R):UNodeAction -name aaMonetEvGvarState -data {fml_cc_coverage_analyzer=false}

09:14:49 : Monet(R):UNodeAction -name aaMonetEvGvarState -data {fml_composite_trace=true}

09:14:49 : Monet(R):UNodeAction -name aaMonetEvGvarState -data {fml_cov_fast_mode=false}

09:14:49 : Monet(R):UNodeAction -name aaMonetEvGvarState -data {fml_cov_gen_trace=default}

09:14:49 : Monet(R):UNodeAction -name aaMonetEvGvarState -data {fml_cov_llk_trace_enable=unlimited}

09:14:49 : Monet(R):UNodeAction -name aaMonetEvGvarState -data {fml_mode_on=false}

09:14:49 : Monet(R):UNodeAction -name aaMonetEvGvarState -data {fml_vacuity_on=true}

09:14:49 : Monet(R):UNodeAction -name aaMonetEvGvarState -data {fml_vdac_disable=false}

09:14:49 : Monet(R):UNodeAction -name aaMonetEvGvarState -data {fml_witness_on=false}

09:14:49 : Monet(R):UNodeAction -name aaMonetEvGvarState -data {gui_load_filter_group_mode=true}

09:14:49 : Monet(R):UNodeAction -name aaMonetEvGvarState -data {hide_waive_this_item_link=false}

09:14:49 : Monet(R):UNodeAction -name aaMonetEvGvarState -data {hierarchy_delimiter=/}

09:14:49 : Monet(R):UNodeAction -name aaMonetEvGvarState -data {include_filter_field_comments=false}

09:14:49 : Monet(R):UNodeAction -name aaMonetEvGvarState -data {info_disp_elems=0}

09:14:49 : Monet(R):UNodeAction -name aaMonetEvGvarState -data {keep_source_loc_expr=false}

09:14:49 : Monet(R):UNodeAction -name aaMonetEvGvarState -data {lint_functional_mode=false}

09:14:49 : Monet(R):UNodeAction -name aaMonetEvGvarState -data {lint_load_goal_results=false}

09:14:49 : Monet(R):UNodeAction -name aaMonetEvGvarState -data {lint_spyglass_mode=false}

09:14:49 : Monet(R):UNodeAction -name aaMonetEvGvarState -data {lint_testbench_mode=false}

09:14:49 : Monet(R):UNodeAction -name aaMonetEvGvarState -data {msg_color_error=red}

09:14:49 : Monet(R):UNodeAction -name aaMonetEvGvarState -data {msg_color_info=none}

09:14:49 : Monet(R):UNodeAction -name aaMonetEvGvarState -data {msg_color_warn=none}

09:14:49 : Monet(R):UNodeAction -name aaMonetEvGvarState -data {scroll_table_speed=1}

09:14:49 : Monet(R):UNodeAction -name aaMonetEvGvarState -data {select_create_waiver_fields=signature}

09:14:49 : Monet(R):UNodeAction -name aaMonetEvGvarState -data {show_disabled_prop=true}

09:14:49 : Monet(R):UNodeAction -name aaMonetEvGvarState -data {show_msg_in_create_waiver=true}

09:14:49 : Monet(R):UNodeAction -name aaMonetEvGvarState -data {struct_delimiter=.}

09:14:49 : Monet(R):UNodeAction -name aaMonetEvGvarState -data {track_msg_color_changes=true}

09:14:49 : Monet(R):UNodeAction -name aaMonetEvGvarState -data {verdi_postelab_to_check=false}

09:14:49 : Monet(R):UNodeAction -name aaMonetEvGvarState -data {verdi_table_font=11}

09:14:49 : Monet(R):UNodeAction -name aaMonetEvGvarState -data {verdi_vc_console_hotkey=null}

09:14:49 : Monet(R):UNodeAction -name aaMonetEvGvarState -data {lint_enable_bus_compress=true}

09:14:49 : Monet(R):UNodeAction -name aaMonetEvGvarState -data {enable_schematic_clouds=true}

09:14:49 : Monet(R):UNodeAction -name aaMonetEvGvarState -data {async_reset_nonseq_const_analysis=true}

09:14:49 : Monet(R):UNodeAction -name aaMonetEvGvarState -data {timing_arc_function=true}

09:14:49 : Monet(R):UNodeAction -name aaMonetEvGvarState -data {disable_internal_op_in_tcl_query=true}

09:14:49 : Monet(R):UNodeAction -name aaMonetEvGvarState -data {platform_dbobj_cachelimit=100000000}

09:14:49 : Monet(R):UNodeAction -name aaMonetEvGvarState -data {case_analysis_sequential_propagation=true}

09:14:49 : Monet(R):UNodeAction -name aaMonetEvGvarState -data {assume_siso_bbox_pins_connected=true}

09:14:49 : Monet(R):UNodeAction -name aaMonetEvGvarState -data {enable_libcell_divedown=true}

09:14:49 : Monet(R):UNodeAction -name aaMonetEvGvarState -data {case_analysis_propagate_through_icg=true}

09:14:49 : Monet(R):UNodeAction -name aaMonetEvGvarState -data {port_coercion=autoblackbox}

09:14:49 : Monet(R):UNodeAction -name aaMonetEvGvarState -data {sam_const_optimization_level=7}

09:14:49 : Monet(R):UNodeAction -name aaMonetEvGvarState -data {ignore_multi_driver_checks=true}

09:14:49 : Monet(R):UNodeAction -name aaMonetEvGvarState -data {enable_seq_latch_array_bit_blast=true}

09:14:49 : Monet(R):UNodeAction -name aaMonetEvGvarState -data {constant_connectvity_cache=true}

09:14:50 : Monet(R):UNodeAction -name aaMonetEvReportDbSaveStarted  -trigger

09:14:50 : Monet(R):UNodeAction -name aaMonetEvReportDbSaveDone -data 1 -trigger

09:14:51 : Monet(R):UNodeAction -name aaMonetEvReportDbSaveStarted  -trigger

09:14:51 : Monet(R):UNodeAction -name aaMonetEvReportDbSaveDone -data 1 -trigger

09:14:51 : Monet(R):UNodeAction -name aaMonetEvGvarState -data {enable_cgc_autodetect=false}

09:14:51 : Monet(R):UNodeAction -name aaMonetEvGvarState -data {case_analysis_propagate_through_icg=false}

09:14:51 : Monet(R):UNodeAction -name aaMonetEvGvarState -data {enable_optimized_sdc_read=true}

09:14:51 : Monet(R):UNodeAction -name aaMonetEvGvarState -data {assume_siso_bbox_pins_connected=false}

09:14:51 : Monet(R):UNodeAction -name aaMonetEvGvarState -data {report_ip_waiver=true}

09:14:51 : Monet(R):UNodeAction -name aaMonetEvGvarState -data {filter_named_clocks=NO_DEFAULT_LIST}

09:14:51 : Monet(R):UNodeAction -name aaMonetEvGvarState -data {filter_named_resets=NO_DEFAULT_LIST}

09:14:51 : Monet(R):UNodeAction -name aaMonetEvGvarState -data {enable_gw_optional_tag=false}

09:14:51 : Monet(R):UNodeAction -name aaMonetEvGvarState -data {lint_clk_rst_node_on_pad=true}

09:14:51 : Monet(R):UNodeAction -name aaMonetEvGvarState -data {case_analysis_sequential_propagation=false}

09:14:51 : Monet(R):UNodeAction -name aaMonetEvGvarState -data {ignore_module_instances_outside_ip=true}

09:14:51 : Monet(R):UNodeAction -name aaMonetEvGvarState -data {report_sg_style_flatten_net=true}

09:14:51 : Monet(R):UNodeAction -name aaMonetEvGvarState -data {lint_nom_rule_disable_const_propagation=true}

09:14:51 : Monet(R):UNodeAction -name aaMonetEvGvarState -data {enable_lint_save=true}

09:14:51 : Monet(R):UNodeAction -name aaMonetEvGvarState -data {enable_generate_label_naming=true}

09:14:51 : Monet(R):UNodeAction -name aaMonetEvGvarState -data {enable_reduction_engine=true}

09:14:51 : Monet(R):UNodeAction -name aaMonetEvGvarState -data {enable_verdi_kdb_common_elab=true}

09:14:51 : Monet(R):UNodeAction -name aaMonetEvGvarState -data {enable_seq_latch_array_bit_blast=false}

09:14:51 : Monet(R):UNodeAction -name aaMonetEvGvarState -data {enable_lint=true}

09:14:51 : Monet(R):UNodeAction -name aaMonetEvGvarState -data {lint_enable_early_shift=true}

09:14:53 : Monet(R):UNodeAction -name aaMonetEvDesignLoading  -trigger

09:14:53 : Monet(R):UNodeAction -name aaVerdiEnableKdb -data {true} -trigger

09:14:53 : Monet(R):UNodeAction -name aaVerdiNldmNschema -data {true} -trigger

09:14:53 : Monet(R):UNodeAction -name aaVerdiSetSearchPath -data {./} -trigger

09:14:53 : Monet(R):UNodeAction -name aaVerdiSetLinkLibrary -data { } -trigger

09:14:53 : Monet(R):UNodeAction -name aaVerdiSetWorkLib -data {work} -trigger

09:14:53 : Monet(R):UNodeAction -name aaVerdiCompileLog -data {} -trigger

09:14:53 : Monet(R):UNodeAction -name aaMonetEvDesignLoaded -data 1 -trigger

09:14:53 : Monet(R):UNodeAction -name aaMonetEvElabDesign  -trigger

09:14:53 : Monet(R):UNodeAction -name aaMonetEvCheckHdlStarted  -trigger

09:14:53 : Monet(R):UNodeAction -name aaVerdiNldmNschema -data {true} -trigger

09:14:53 : Monet(R):UNodeAction -name aaVerdiSetSimBinPath -data {apb_top.exe} -trigger

09:14:53 : Monet(R):UNodeAction -name aaVerdiEvDesignTop -data {apb_top} -trigger

09:14:53 : Monet(R):UNodeAction -name aaVerdiSetSearchPath -data {./} -trigger

09:14:53 : Monet(R):UNodeAction -name aaVerdiSetLinkLibrary -data { } -trigger

09:14:56 : Monet(R):UNodeAction -name aaVerdiEvNldm2Nschema -reset -started {} -trigger

09:14:56 : Monet(R):UNodeAction -name aaVerdiEvCompile -finished {} -trigger

09:14:56 : Monet(R):UNodeAction -name aaMonetEvElabDesignFinished -data 1 -trigger

09:14:56 : Monet(R):UNodeAction -name aaMonetEvCheckHdlStarted  -trigger

09:14:57 : Monet(R):UNodeAction -name aaMonetEvGvarState -data {reset_source_sequential_propagation=false}

09:14:57 : Monet(R):UNodeAction -name aaVerdiEvNldm2Nschema -finished {} -trigger

09:15:00 : Monet(R):UNodeAction -name aaMonetEvCheckHdlFinished -data  -trigger

09:15:01 : Monet(R):UNodeAction -name aaMonetEvCheckHdlFinished -data  -trigger

09:15:01 : Monet(R):UNodeAction -name aaMonetEvCheckHdlFinished -data 1 -trigger

09:15:03 : Monet(R):UNodeAction -name aaMonetEvSourceCmdActive -data 0 -trigger

09:15:03 : Monet(R):UNodeAction -name aaVerdiEvMasterSourceDone  -trigger

09:15:03 : Monet(S):aaMonetMasterUnblock -result {1}
09:15:08 : Monet(R):UNodeAction -name aaMonetEvStartShutdown  -trigger

